#
# A fatal error has been detected by the Java Runtime Environment:
#
#  EXCEPTION_ACCESS_VIOLATION (0xc0000005) at pc=0x00007ffb5db5e0a9, pid=5412, tid=8172
#
# JRE version: OpenJDK Runtime Environment Microsoft-8035246 (17.0.8+7) (build 17.0.8+7-LTS)
# Java VM: OpenJDK 64-Bit Server VM Microsoft-8035246 (17.0.8+7-LTS, mixed mode, sharing, tiered, compressed oops, compressed class ptrs, g1 gc, windows-amd64)
# Problematic frame:
# V  [jvm.dll+0x2be0a9]
#
# No core dump will be written. Minidumps are not enabled by default on client versions of Windows
#
# If you would like to submit a bug report, please visit:
#   https://github.com/microsoft/openjdk/issues
#

---------------  S U M M A R Y ------------

Command Line: -XX:MaxMetaspaceSize=512m --add-opens=java.base/java.util=ALL-UNNAMED --add-opens=java.base/java.lang=ALL-UNNAMED --add-opens=java.base/java.lang.invoke=ALL-UNNAMED --add-opens=java.prefs/java.util.prefs=ALL-UNNAMED --add-opens=java.base/java.nio.charset=ALL-UNNAMED --add-opens=java.base/java.net=ALL-UNNAMED --add-opens=java.base/java.util.concurrent.atomic=ALL-UNNAMED -Xmx2048m -Dfile.encoding=windows-1252 -Duser.country=IN -Duser.language=en -Duser.variant -javaagent:C:\Users\User\.gradle\wrapper\dists\gradle-8.3-all\6en3ugtfdg5xnpx44z4qbwgas\gradle-8.3\lib\agents\gradle-instrumentation-agent-8.3.jar org.gradle.launcher.daemon.bootstrap.GradleDaemon 8.3

Host: Intel(R) Core(TM) i7-6600U CPU @ 2.60GHz, 4 cores, 7G,  Windows 11 , 64 bit Build 22621 (10.0.22621.2506)
Time: Tue Jan 23 09:33:00 2024 India Standard Time elapsed time: 49.937367 seconds (0d 0h 0m 49s)

---------------  T H R E A D  ---------------

Current thread (0x000001a985e22ee0):  JavaThread "C2 CompilerThread1" daemon [_thread_in_native, id=8172, stack(0x000000462de00000,0x000000462df00000)]


Current CompileTask:
C2:  49937 15902   !   4       org.gradle.cache.internal.DefaultMultiProcessSafeIndexedCache::getIfPresent (25 bytes)

Stack: [0x000000462de00000,0x000000462df00000],  sp=0x000000462defb600,  free space=1005k
Native frames: (J=compiled Java code, j=interpreted, Vv=VM code, C=native code)
V  [jvm.dll+0x2be0a9]
V  [jvm.dll+0x21ba8b]
V  [jvm.dll+0x21944b]
V  [jvm.dll+0x1a56b6]
V  [jvm.dll+0x2291ea]
V  [jvm.dll+0x22724c]
V  [jvm.dll+0x7efd0c]
V  [jvm.dll+0x7ea13a]
V  [jvm.dll+0x67ad85]
C  [ucrtbase.dll+0x29363]
C  [KERNEL32.DLL+0x1257d]
C  [ntdll.dll+0x5aa58]


siginfo: EXCEPTION_ACCESS_VIOLATION (0xc0000005), reading address 0x0000000000000028


Register to memory mapping:

RIP=0x00007ffb5db5e0a9 jvm.dll
RAX=0x000001a98e9b4e80 points into unknown readable memory: 0x0000000000000000 | 00 00 00 00 00 00 00 00
RBX=0x000000000000171b is an unknown value
RCX=0x0 is NULL
RDX=0x0 is NULL
RSP=0x000000462defb600 is pointing into the stack for thread: 0x000001a985e22ee0
RBP=0x000000462defb670 is pointing into the stack for thread: 0x000001a985e22ee0
RSI=0x0 is NULL
RDI=0x0000000000000047 is an unknown value
R8 =0x000000000000ffe0 is an unknown value
R9 =0x0 is NULL
R10=0x00007ffbb49d0000 VCRUNTIME140.dll
R11=0x000001a98e9b4ea0 points into unknown readable memory: 0x0000000000000000 | 00 00 00 00 00 00 00 00
R12=0x0000000000000050 is an unknown value
R13=0x0 is NULL
R14=0x0 is NULL
R15=0x000000462defe820 is pointing into the stack for thread: 0x000001a985e22ee0


Registers:
RAX=0x000001a98e9b4e80, RBX=0x000000000000171b, RCX=0x0000000000000000, RDX=0x0000000000000000
RSP=0x000000462defb600, RBP=0x000000462defb670, RSI=0x0000000000000000, RDI=0x0000000000000047
R8 =0x000000000000ffe0, R9 =0x0000000000000000, R10=0x00007ffbb49d0000, R11=0x000001a98e9b4ea0
R12=0x0000000000000050, R13=0x0000000000000000, R14=0x0000000000000000, R15=0x000000462defe820
RIP=0x00007ffb5db5e0a9, EFLAGS=0x0000000000010202

Top of Stack: (sp=0x000000462defb600)
0x000000462defb600:   000000000000171b 0000000000000000
0x000000462defb610:   000000462defe820 00007ffb5dac38d1
0x000000462defb620:   000001a9853adc50 00007ffb00002000
0x000000462defb630:   000001a98e9b4e80 0000000000000000
0x000000462defb640:   0000000000000002 000001a990e85510
0x000000462defb650:   0000000000000002 000001a9853adc50
0x000000462defb660:   0000000000000000 0000000000000000
0x000000462defb670:   000001a985cf45b0 000001a9c5e88ce0
0x000000462defb680:   0000000000000047 00007ffb5e1e4c08
0x000000462defb690:   000000462defb7a0 00007ffb5dabba8b
0x000000462defb6a0:   000000462defe820 00007ffb5e1e4c08
0x000000462defb6b0:   000000462defe820 000000462defb7a0
0x000000462defb6c0:   000001a900000000 00007ffb5debb7fb
0x000000462defb6d0:   000000460000000f 000000462defe820
0x000000462defb6e0:   000000462defb850 0000000000000000
0x000000462defb6f0:   000001a900000100 00007ffb5e1e4c08 

Instructions: (pc=0x00007ffb5db5e0a9)
0x00007ffb5db5dfa9:   3b d0 75 0b ff c1 41 3b c9 7c dc 48 8b c2 c3 33
0x00007ffb5db5dfb9:   c0 c3 cc cc cc cc cc 48 89 5c 24 18 55 56 57 41
0x00007ffb5db5dfc9:   55 41 57 48 8b ec 48 83 ec 70 65 48 8b 04 25 58
0x00007ffb5db5dfd9:   00 00 00 48 8b f2 44 8b 05 d2 8b 90 00 4c 8b f9
0x00007ffb5db5dfe9:   4a 8b 1c c0 b8 50 00 00 00 80 3c 18 00 75 05 e8
0x00007ffb5db5dff9:   8b 6f 5d 00 b8 20 00 00 00 48 8b 04 18 48 8b 98
0x00007ffb5db5e009:   38 02 00 00 48 89 5d b0 c7 45 b8 04 00 00 00 48
0x00007ffb5db5e019:   8b 43 18 48 83 f8 df 76 18 4c 8d 05 37 a9 65 00
0x00007ffb5db5e029:   ba 20 00 00 00 48 8b cb e8 5a eb de ff 48 8b 43
0x00007ffb5db5e039:   18 48 8d 48 20 48 3b 4b 20 76 11 45 33 c0 48 8b
0x00007ffb5db5e049:   cb 41 8d 50 20 e8 fd e8 de ff eb 04 48 89 4b 18
0x00007ffb5db5e059:   44 8b 45 b8 33 d2 49 c1 e0 03 48 8b c8 48 89 45
0x00007ffb5db5e069:   c0 e8 e3 80 5d 00 45 33 ed 48 8d 4d d0 44 89 6d
0x00007ffb5db5e079:   c8 e8 01 59 56 00 41 8b 9f 40 02 00 00 41 2b 9f
0x00007ffb5db5e089:   68 02 00 00 44 89 6d f0 3b 5d b8 72 0b 8b d3 48
0x00007ffb5db5e099:   8d 4d b0 e8 6f b3 39 00 48 8b 45 c0 4c 89 2c d8
0x00007ffb5db5e0a9:   8b 7e 28 8b df c1 eb 05 3b 5d d0 72 0b 8b d3 48
0x00007ffb5db5e0b9:   8d 4d d0 e8 1f 59 56 00 48 8b 45 d8 83 e7 1f 48
0x00007ffb5db5e0c9:   8d 14 98 40 0f b6 cf 41 b8 01 00 00 00 41 d3 e0
0x00007ffb5db5e0d9:   8b 0a 8b c1 41 0b c0 89 02 41 85 c8 75 21 8b 5d
0x00007ffb5db5e0e9:   c8 8d 43 01 89 45 c8 3b 5d b8 72 0b 8b d3 48 8d
0x00007ffb5db5e0f9:   4d b0 e8 10 b3 39 00 48 8b 45 c0 48 89 34 d8 44
0x00007ffb5db5e109:   39 6d c8 0f 86 77 01 00 00 4c 89 a4 24 a0 00 00
0x00007ffb5db5e119:   00 4c 89 b4 24 a8 00 00 00 48 8b 45 c0 41 8b cd
0x00007ffb5db5e129:   48 8b 34 c8 8b 46 2c 25 ff 1f 00 00 3d 04 10 00
0x00007ffb5db5e139:   00 0f 85 a7 00 00 00 bb 01 00 00 00 39 5e 18 76
0x00007ffb5db5e149:   39 66 0f 1f 44 00 00 48 8b 46 08 8b cb 48 8b 14
0x00007ffb5db5e159:   c8 48 85 d2 74 1d 48 83 7a 10 00 74 16 80 7a 2c
0x00007ffb5db5e169:   84 74 10 e8 7f 7e ee ff 48 8b d0 49 8b cf e8 a4
0x00007ffb5db5e179:   61 f6 ff ff c3 3b 5e 18 72 cd 48 8b 5e 10 8b 46
0x00007ffb5db5e189:   20 4c 8d 34 c3 49 3b de 73 54 48 8b 3b 8b 47 2c
0x00007ffb5db5e199:   83 e0 03 3c 03 75 2e 48 8b 07 48 8b cf ff 90 88 


Stack slot to memory mapping:
stack at sp + 0 slots: 0x000000000000171b is an unknown value
stack at sp + 1 slots: 0x0 is NULL
stack at sp + 2 slots: 0x000000462defe820 is pointing into the stack for thread: 0x000001a985e22ee0
stack at sp + 3 slots: 0x00007ffb5dac38d1 jvm.dll
stack at sp + 4 slots: 0x000001a9853adc50 points into unknown readable memory: 0x0000000000000006 | 06 00 00 00 00 00 00 00
stack at sp + 5 slots: 0x00007ffb00002000 is an unknown value
stack at sp + 6 slots: 0x000001a98e9b4e80 points into unknown readable memory: 0x0000000000000000 | 00 00 00 00 00 00 00 00
stack at sp + 7 slots: 0x0 is NULL


---------------  P R O C E S S  ---------------

Threads class SMR info:
_java_thread_list=0x000001a987c7db40, length=95, elements={
0x000001a9c5e71cd0, 0x000001a9e3a17430, 0x000001a9e3a182b0, 0x000001a9e3a2caf0,
0x000001a9e3a2d5c0, 0x000001a9e3a2ff90, 0x000001a9e3a30950, 0x000001a9e3a33700,
0x000001a9e3a3a6d0, 0x000001a9e3a3d0e0, 0x000001a9e3a04030, 0x000001a9e3d45fe0,
0x000001a984d261d0, 0x000001a984765100, 0x000001a9847b7af0, 0x000001a984ae2110,
0x000001a985034630, 0x000001a9844e9970, 0x000001a9844e9e80, 0x000001a9844e6be0,
0x000001a9844e70f0, 0x000001a9844e7600, 0x000001a9844e8530, 0x000001a9844e8a40,
0x000001a9844e8020, 0x000001a9844e7b10, 0x000001a9844e9460, 0x000001a9844ea390,
0x000001a9e3d11790, 0x000001a9e3d10d70, 0x000001a9e3d121b0, 0x000001a9e3d126c0,
0x000001a9e3d16380, 0x000001a9e3d12bd0, 0x000001a9e3d17cd0, 0x000001a9e3d130e0,
0x000001a9e3d13b00, 0x000001a9e3d14010, 0x000001a9e3d14520, 0x000001a9e3d14a30,
0x000001a9e3d11280, 0x000001a9e3d15450, 0x000001a9e3d16da0, 0x000001a9e3d15960,
0x000001a9e3d177c0, 0x000001a9e3d15e70, 0x000001a9e3d181e0, 0x000001a9889cc140,
0x000001a9889ce4b0, 0x000001a9889cad00, 0x000001a9889cf8f0, 0x000001a9889cf3e0,
0x000001a9889cc650, 0x000001a9889d1240, 0x000001a9889ccb60, 0x000001a9889d0d30,
0x000001a9889ce9c0, 0x000001a9889cbc30, 0x000001a9889d1750, 0x000001a9889cb210,
0x000001a9889cd070, 0x000001a9889cfe00, 0x000001a9889cb720, 0x000001a9889d0820,
0x000001a9889ca2e0, 0x000001a9889cd580, 0x000001a9889d1c60, 0x000001a9889cdfa0,
0x000001a9e3d14f40, 0x000001a988c1d010, 0x000001a988c1c5f0, 0x000001a988c1ee70,
0x000001a988c1df40, 0x000001a988c1cb00, 0x000001a988c211e0, 0x000001a988c1e960,
0x000001a985e22ee0, 0x000001a988c1f890, 0x000001a988c21c00, 0x000001a988c1c0e0,
0x000001a988c22110, 0x000001a988c1fda0, 0x000001a988c22620, 0x000001a988c207c0,
0x000001a988c1b1b0, 0x000001a988c22b30, 0x000001a988c1b6c0, 0x000001a988c1d520,
0x000001a9844e8f50, 0x000001a98f6456b0, 0x000001a98f647000, 0x000001a98f647a20,
0x000001a98f647510, 0x000001a98f648e60, 0x000001a98f649880
}

Java Threads: ( => current thread )
  0x000001a9c5e71cd0 JavaThread "main" [_thread_blocked, id=3848, stack(0x0000004628f00000,0x0000004629000000)]
  0x000001a9e3a17430 JavaThread "Reference Handler" daemon [_thread_blocked, id=13080, stack(0x0000004629600000,0x0000004629700000)]
  0x000001a9e3a182b0 JavaThread "Finalizer" daemon [_thread_blocked, id=8244, stack(0x0000004629700000,0x0000004629800000)]
  0x000001a9e3a2caf0 JavaThread "Signal Dispatcher" daemon [_thread_blocked, id=13304, stack(0x0000004629800000,0x0000004629900000)]
  0x000001a9e3a2d5c0 JavaThread "Attach Listener" daemon [_thread_blocked, id=9888, stack(0x0000004629900000,0x0000004629a00000)]
  0x000001a9e3a2ff90 JavaThread "Service Thread" daemon [_thread_blocked, id=7024, stack(0x0000004629a00000,0x0000004629b00000)]
  0x000001a9e3a30950 JavaThread "Monitor Deflation Thread" daemon [_thread_blocked, id=1352, stack(0x0000004629b00000,0x0000004629c00000)]
  0x000001a9e3a33700 JavaThread "C2 CompilerThread0" daemon [_thread_in_native, id=12128, stack(0x0000004629c00000,0x0000004629d00000)]
  0x000001a9e3a3a6d0 JavaThread "C1 CompilerThread0" daemon [_thread_blocked, id=2908, stack(0x0000004629d00000,0x0000004629e00000)]
  0x000001a9e3a3d0e0 JavaThread "Sweeper thread" daemon [_thread_blocked, id=12844, stack(0x0000004629e00000,0x0000004629f00000)]
  0x000001a9e3a04030 JavaThread "Common-Cleaner" daemon [_thread_blocked, id=13068, stack(0x0000004629f00000,0x000000462a000000)]
  0x000001a9e3d45fe0 JavaThread "Notification Thread" daemon [_thread_blocked, id=12916, stack(0x000000462a000000,0x000000462a100000)]
  0x000001a984d261d0 JavaThread "Daemon health stats" [_thread_blocked, id=13136, stack(0x000000462a600000,0x000000462a700000)]
  0x000001a984765100 JavaThread "Incoming local TCP Connector on port 51065" [_thread_in_native, id=13208, stack(0x000000462a700000,0x000000462a800000)]
  0x000001a9847b7af0 JavaThread "Daemon periodic checks" [_thread_blocked, id=13244, stack(0x000000462a800000,0x000000462a900000)]
  0x000001a984ae2110 JavaThread "Daemon" [_thread_blocked, id=8328, stack(0x000000462a900000,0x000000462aa00000)]
  0x000001a985034630 JavaThread "Handler for socket connection from /127.0.0.1:51065 to /127.0.0.1:51066" [_thread_in_native, id=2596, stack(0x000000462aa00000,0x000000462ab00000)]
  0x000001a9844e9970 JavaThread "Cancel handler" [_thread_blocked, id=9796, stack(0x000000462ab00000,0x000000462ac00000)]
  0x000001a9844e9e80 JavaThread "Daemon worker" [_thread_blocked, id=9548, stack(0x000000462ac00000,0x000000462ad00000)]
  0x000001a9844e6be0 JavaThread "Asynchronous log dispatcher for DefaultDaemonConnection: socket connection from /127.0.0.1:51065 to /127.0.0.1:51066" [_thread_blocked, id=5172, stack(0x000000462ad00000,0x000000462ae00000)]
  0x000001a9844e70f0 JavaThread "Stdin handler" [_thread_blocked, id=3448, stack(0x000000462ae00000,0x000000462af00000)]
  0x000001a9844e7600 JavaThread "Daemon client event forwarder" [_thread_blocked, id=6648, stack(0x000000462af00000,0x000000462b000000)]
  0x000001a9844e8530 JavaThread "Cache worker for journal cache (C:\Users\User\.gradle\caches\journal-1)" [_thread_blocked, id=10740, stack(0x000000462b000000,0x000000462b100000)]
  0x000001a9844e8a40 JavaThread "File lock request listener" [_thread_in_native, id=8068, stack(0x000000462b100000,0x000000462b200000)]
  0x000001a9844e8020 JavaThread "Cache worker for file hash cache (C:\Users\User\.gradle\caches\8.3\fileHashes)" [_thread_blocked, id=8512, stack(0x000000462b200000,0x000000462b300000)]
  0x000001a9844e7b10 JavaThread "File watcher server" daemon [_thread_in_native, id=8188, stack(0x000000462b300000,0x000000462b400000)]
  0x000001a9844e9460 JavaThread "File watcher consumer" daemon [_thread_blocked, id=8184, stack(0x000000462b400000,0x000000462b500000)]
  0x000001a9844ea390 JavaThread "Cache worker for checksums cache (C:\Users\User\Desktop\juvaraya technologies\fanfun\android\.gradle\8.3\checksums)" [_thread_blocked, id=11428, stack(0x000000462b500000,0x000000462b600000)]
  0x000001a9e3d11790 JavaThread "Cache worker for file hash cache (C:\Users\User\Desktop\juvaraya technologies\fanfun\android\.gradle\8.3\fileHashes)" [_thread_blocked, id=6432, stack(0x000000462b600000,0x000000462b700000)]
  0x000001a9e3d10d70 JavaThread "Cache worker for cache directory md-supplier (C:\Users\User\.gradle\caches\8.3\md-supplier)" [_thread_blocked, id=6252, stack(0x000000462b700000,0x000000462b800000)]
  0x000001a9e3d121b0 JavaThread "Cache worker for file content cache (C:\Users\User\.gradle\caches\8.3\fileContent)" [_thread_blocked, id=2076, stack(0x000000462b800000,0x000000462b900000)]
  0x000001a9e3d126c0 JavaThread "Cache worker for cache directory md-rule (C:\Users\User\.gradle\caches\8.3\md-rule)" [_thread_blocked, id=1324, stack(0x000000462ba00000,0x000000462bb00000)]
  0x000001a9e3d16380 JavaThread "Cache worker for execution history cache (C:\Users\User\.gradle\caches\8.3\executionHistory)" [_thread_blocked, id=11536, stack(0x000000462bb00000,0x000000462bc00000)]
  0x000001a9e3d12bd0 JavaThread "jar transforms" [_thread_blocked, id=6896, stack(0x000000462a200000,0x000000462a300000)]
  0x000001a9e3d17cd0 JavaThread "jar transforms Thread 2" [_thread_blocked, id=7328, stack(0x000000462bc00000,0x000000462bd00000)]
  0x000001a9e3d130e0 JavaThread "jar transforms Thread 3" [_thread_blocked, id=8992, stack(0x000000462be00000,0x000000462bf00000)]
  0x000001a9e3d13b00 JavaThread "jar transforms Thread 4" [_thread_blocked, id=11568, stack(0x000000462bf00000,0x000000462c000000)]
  0x000001a9e3d14010 JavaThread "Cache worker for kotlin-dsl (C:\Users\User\.gradle\caches\8.3\kotlin-dsl)" [_thread_blocked, id=3516, stack(0x000000462c000000,0x000000462c100000)]
  0x000001a9e3d14520 JavaThread "Unconstrained build operations" [_thread_blocked, id=11868, stack(0x000000462bd00000,0x000000462be00000)]
  0x000001a9e3d14a30 JavaThread "Unconstrained build operations Thread 2" [_thread_blocked, id=7196, stack(0x000000462c200000,0x000000462c300000)]
  0x000001a9e3d11280 JavaThread "Cache worker for dependencies-accessors (C:\Users\User\Desktop\juvaraya technologies\fanfun\android\.gradle\8.3\dependencies-accessors)" [_thread_blocked, id=12852, stack(0x000000462c400000,0x000000462c500000)]
  0x000001a9e3d15450 JavaThread "Cache worker for Build Output Cleanup Cache (C:\Users\User\Desktop\juvaraya technologies\fanfun\node_modules\@react-native\gradle-plugin\.gradle\buildOutputCleanup)" [_thread_blocked, id=13152, stack(0x000000462c500000,0x000000462c600000)]
  0x000001a9e3d16da0 JavaThread "Unconstrained build operations Thread 3" [_thread_blocked, id=12088, stack(0x000000462c600000,0x000000462c700000)]
  0x000001a9e3d15960 JavaThread "Unconstrained build operations Thread 4" [_thread_in_native, id=7376, stack(0x000000462c700000,0x000000462c800000)]
  0x000001a9e3d177c0 JavaThread "Unconstrained build operations Thread 5" [_thread_blocked, id=11740, stack(0x000000462c800000,0x000000462c900000)]
  0x000001a9e3d15e70 JavaThread "Memory manager" [_thread_blocked, id=9976, stack(0x000000462c900000,0x000000462ca00000)]
  0x000001a9e3d181e0 JavaThread "Cache worker for Build Output Cleanup Cache (C:\Users\User\Desktop\juvaraya technologies\fanfun\android\.gradle\buildOutputCleanup)" [_thread_blocked, id=1412, stack(0x000000462ca00000,0x000000462cb00000)]
  0x000001a9889cc140 JavaThread "ForkJoinPool.commonPool-worker-1" daemon [_thread_blocked, id=9628, stack(0x000000462cb00000,0x000000462cc00000)]
  0x000001a9889ce4b0 JavaThread "ForkJoinPool.commonPool-worker-2" daemon [_thread_blocked, id=3948, stack(0x000000462cc00000,0x000000462cd00000)]
  0x000001a9889cad00 JavaThread "ForkJoinPool.commonPool-worker-3" daemon [_thread_blocked, id=10612, stack(0x000000462cd00000,0x000000462ce00000)]
  0x000001a9889cf8f0 JavaThread "Exec process" daemon [_thread_blocked, id=8196, stack(0x000000462ce00000,0x000000462cf00000)]
  0x000001a9889cf3e0 JavaThread "Exec process Thread 2" daemon [_thread_blocked, id=11692, stack(0x000000462cf00000,0x000000462d000000)]
  0x000001a9889cc650 JavaThread "Exec process Thread 3" daemon [_thread_blocked, id=1840, stack(0x000000462d000000,0x000000462d100000)]
  0x000001a9889d1240 JavaThread "included builds" [_thread_blocked, id=4312, stack(0x000000462d100000,0x000000462d200000)]
  0x000001a9889ccb60 JavaThread "Execution worker" [_thread_blocked, id=5184, stack(0x000000462d200000,0x000000462d300000)]
  0x000001a9889d0d30 JavaThread "Execution worker Thread 2" [_thread_blocked, id=6888, stack(0x000000462d300000,0x000000462d400000)]
  0x000001a9889ce9c0 JavaThread "Execution worker Thread 3" [_thread_blocked, id=9344, stack(0x000000462d400000,0x000000462d500000)]
  0x000001a9889cbc30 JavaThread "Cache worker for execution history cache (C:\Users\User\Desktop\juvaraya technologies\fanfun\node_modules\@react-native\gradle-plugin\.gradle\8.3\executionHistory)" [_thread_blocked, id=11048, stack(0x000000462d500000,0x000000462d600000)]
  0x000001a9889d1750 JavaThread "Unconstrained build operations Thread 6" [_thread_blocked, id=5820, stack(0x000000462d600000,0x000000462d700000)]
  0x000001a9889cb210 JavaThread "Unconstrained build operations Thread 7" [_thread_blocked, id=8472, stack(0x000000462d700000,0x000000462d800000)]
  0x000001a9889cd070 JavaThread "Unconstrained build operations Thread 8" [_thread_blocked, id=11384, stack(0x000000462d800000,0x000000462d900000)]
  0x000001a9889cfe00 JavaThread "Unconstrained build operations Thread 9" [_thread_blocked, id=5724, stack(0x000000462d900000,0x000000462da00000)]
  0x000001a9889cb720 JavaThread "Unconstrained build operations Thread 10" [_thread_blocked, id=9948, stack(0x000000462da00000,0x000000462db00000)]
  0x000001a9889d0820 JavaThread "Unconstrained build operations Thread 11" [_thread_blocked, id=2428, stack(0x000000462db00000,0x000000462dc00000)]
  0x000001a9889ca2e0 JavaThread "Unconstrained build operations Thread 12" [_thread_blocked, id=8592, stack(0x000000462dc00000,0x000000462dd00000)]
  0x000001a9889cd580 JavaThread "Unconstrained build operations Thread 13" [_thread_blocked, id=8644, stack(0x000000462dd00000,0x000000462de00000)]
  0x000001a9889d1c60 JavaThread "Unconstrained build operations Thread 14" [_thread_blocked, id=972, stack(0x000000462df00000,0x000000462e000000)]
  0x000001a9889cdfa0 JavaThread "Unconstrained build operations Thread 15" [_thread_blocked, id=6336, stack(0x000000462e000000,0x000000462e100000)]
  0x000001a9e3d14f40 JavaThread "Unconstrained build operations Thread 16" [_thread_blocked, id=10924, stack(0x000000462e100000,0x000000462e200000)]
  0x000001a988c1d010 JavaThread "Unconstrained build operations Thread 17" [_thread_blocked, id=6220, stack(0x000000462e200000,0x000000462e300000)]
  0x000001a988c1c5f0 JavaThread "Unconstrained build operations Thread 18" [_thread_blocked, id=12204, stack(0x000000462e300000,0x000000462e400000)]
  0x000001a988c1ee70 JavaThread "Unconstrained build operations Thread 19" [_thread_blocked, id=1392, stack(0x000000462e400000,0x000000462e500000)]
  0x000001a988c1df40 JavaThread "Unconstrained build operations Thread 20" [_thread_blocked, id=8236, stack(0x000000462e500000,0x000000462e600000)]
  0x000001a988c1cb00 JavaThread "Unconstrained build operations Thread 21" [_thread_blocked, id=8152, stack(0x000000462e600000,0x000000462e700000)]
  0x000001a988c211e0 JavaThread "Unconstrained build operations Thread 22" [_thread_blocked, id=3796, stack(0x000000462e700000,0x000000462e800000)]
  0x000001a988c1e960 JavaThread "Unconstrained build operations Thread 23" [_thread_blocked, id=9664, stack(0x000000462e800000,0x000000462e900000)]
=>0x000001a985e22ee0 JavaThread "C2 CompilerThread1" daemon [_thread_in_native, id=8172, stack(0x000000462de00000,0x000000462df00000)]
  0x000001a988c1f890 JavaThread "Unconstrained build operations Thread 24" [_thread_blocked, id=6420, stack(0x000000462e900000,0x000000462ea00000)]
  0x000001a988c21c00 JavaThread "Unconstrained build operations Thread 25" [_thread_blocked, id=4680, stack(0x000000462ea00000,0x000000462eb00000)]
  0x000001a988c1c0e0 JavaThread "Unconstrained build operations Thread 26" [_thread_blocked, id=8792, stack(0x000000462eb00000,0x000000462ec00000)]
  0x000001a988c22110 JavaThread "Unconstrained build operations Thread 27" [_thread_blocked, id=6572, stack(0x000000462ec00000,0x000000462ed00000)]
  0x000001a988c1fda0 JavaThread "Unconstrained build operations Thread 28" [_thread_blocked, id=6388, stack(0x000000462ed00000,0x000000462ee00000)]
  0x000001a988c22620 JavaThread "Unconstrained build operations Thread 29" [_thread_blocked, id=11916, stack(0x000000462ee00000,0x000000462ef00000)]
  0x000001a988c207c0 JavaThread "Unconstrained build operations Thread 30" [_thread_blocked, id=8316, stack(0x000000462ef00000,0x000000462f000000)]
  0x000001a988c1b1b0 JavaThread "Unconstrained build operations Thread 31" [_thread_blocked, id=7552, stack(0x000000462f000000,0x000000462f100000)]
  0x000001a988c22b30 JavaThread "Unconstrained build operations Thread 32" [_thread_blocked, id=5140, stack(0x000000462f100000,0x000000462f200000)]
  0x000001a988c1b6c0 JavaThread "Unconstrained build operations Thread 33" [_thread_blocked, id=9108, stack(0x000000462f200000,0x000000462f300000)]
  0x000001a988c1d520 JavaThread "Unconstrained build operations Thread 34" [_thread_blocked, id=9956, stack(0x000000462f300000,0x000000462f400000)]
  0x000001a9844e8f50 JavaThread "Unconstrained build operations Thread 35" [_thread_blocked, id=5496, stack(0x000000462f400000,0x000000462f500000)]
  0x000001a98f6456b0 JavaThread "Unconstrained build operations Thread 36" [_thread_blocked, id=5696, stack(0x000000462f500000,0x000000462f600000)]
  0x000001a98f647000 JavaThread "Unconstrained build operations Thread 37" [_thread_blocked, id=1828, stack(0x000000462f600000,0x000000462f700000)]
  0x000001a98f647a20 JavaThread "Unconstrained build operations Thread 38" [_thread_blocked, id=4536, stack(0x000000462f700000,0x000000462f800000)]
  0x000001a98f647510 JavaThread "Unconstrained build operations Thread 39" [_thread_blocked, id=6944, stack(0x000000462f800000,0x000000462f900000)]
  0x000001a98f648e60 JavaThread "Unconstrained build operations Thread 40" [_thread_blocked, id=2320, stack(0x000000462f900000,0x000000462fa00000)]
  0x000001a98f649880 JavaThread "Cache worker for execution history cache (C:\Users\User\Desktop\juvaraya technologies\fanfun\android\.gradle\8.3\executionHistory)" [_thread_blocked, id=3364, stack(0x000000462fa00000,0x000000462fb00000)]

Other Threads:
  0x000001a9e3a10c50 VMThread "VM Thread" [stack: 0x0000004629500000,0x0000004629600000] [id=1112]
  0x000001a9e3d464c0 WatcherThread [stack: 0x000000462a100000,0x000000462a200000] [id=7028]
  0x000001a9c5ecb150 GCTaskThread "GC Thread#0" [stack: 0x0000004629000000,0x0000004629100000] [id=2028]
  0x000001a9e3da3830 GCTaskThread "GC Thread#1" [stack: 0x000000462a300000,0x000000462a400000] [id=5456]
  0x000001a9e3da2ff0 GCTaskThread "GC Thread#2" [stack: 0x000000462a400000,0x000000462a500000] [id=13196]
  0x000001a9e3da3570 GCTaskThread "GC Thread#3" [stack: 0x000000462a500000,0x000000462a600000] [id=9704]
  0x000001a9c5edc0a0 ConcurrentGCThread "G1 Main Marker" [stack: 0x0000004629100000,0x0000004629200000] [id=8672]
  0x000001a9c5eddac0 ConcurrentGCThread "G1 Conc#0" [stack: 0x0000004629200000,0x0000004629300000] [id=9504]
  0x000001a9c5f1d1c0 ConcurrentGCThread "G1 Refine#0" [stack: 0x0000004629300000,0x0000004629400000] [id=2808]
  0x000001a985f4a230 ConcurrentGCThread "G1 Refine#1" [stack: 0x000000462b900000,0x000000462ba00000] [id=1816]
  0x000001a9c5f1dbf0 ConcurrentGCThread "G1 Service" [stack: 0x0000004629400000,0x0000004629500000] [id=12024]

Threads with active compile tasks:
C2 CompilerThread0    50098 15909       4       org.gradle.api.internal.changedetection.state.CachingFileHasher$FileInfoSerializer::read (6 bytes)
C2 CompilerThread1    50098 15902   !   4       org.gradle.cache.internal.DefaultMultiProcessSafeIndexedCache::getIfPresent (25 bytes)

VM state: not at safepoint (normal execution)

VM Mutex/Monitor currently owned by a thread: None

Heap address: 0x0000000080000000, size: 2048 MB, Compressed Oops mode: 32-bit

CDS archive(s) mapped at: [0x000001a9e4000000-0x000001a9e4bd0000-0x000001a9e4bd0000), size 12386304, SharedBaseAddress: 0x000001a9e4000000, ArchiveRelocationMode: 1.
Compressed class space mapped at: 0x000001a9e5000000-0x000001a9ff000000, reserved size: 436207616
Narrow klass base: 0x000001a9e4000000, Narrow klass shift: 0, Narrow klass range: 0x100000000

GC Precious Log:
 CPUs: 4 total, 4 available
 Memory: 8109M
 Large Page Support: Disabled
 NUMA Support: Disabled
 Compressed Oops: Enabled (32-bit)
 Heap Region Size: 1M
 Heap Min Capacity: 8M
 Heap Initial Capacity: 128M
 Heap Max Capacity: 2G
 Pre-touch: Disabled
 Parallel Workers: 4
 Concurrent Workers: 1
 Concurrent Refinement Workers: 4
 Periodic GC: Disabled

Heap:
 garbage-first heap   total 263168K, used 172355K [0x0000000080000000, 0x0000000100000000)
  region size 1024K, 20 young (20480K), 8 survivors (8192K)
 Metaspace       used 112344K, committed 113408K, reserved 557056K
  class space    used 15486K, committed 15936K, reserved 425984K

Heap Regions: E=young(eden), S=young(survivor), O=old, HS=humongous(starts), HC=humongous(continues), CS=collection set, F=free, OA=open archive, CA=closed archive, TAMS=top-at-mark-start (previous, next)
|   0|0x0000000080000000, 0x0000000080100000, 0x0000000080100000|100%| O|  |TAMS 0x0000000080100000, 0x0000000080000000| Untracked 
|   1|0x0000000080100000, 0x0000000080200000, 0x0000000080200000|100%| O|  |TAMS 0x0000000080200000, 0x0000000080100000| Untracked 
|   2|0x0000000080200000, 0x0000000080300000, 0x0000000080300000|100%|HS|  |TAMS 0x0000000080300000, 0x0000000080200000| Complete 
|   3|0x0000000080300000, 0x0000000080400000, 0x0000000080400000|100%|HC|  |TAMS 0x0000000080400000, 0x0000000080300000| Complete 
|   4|0x0000000080400000, 0x0000000080500000, 0x0000000080500000|100%|HC|  |TAMS 0x0000000080500000, 0x0000000080400000| Complete 
|   5|0x0000000080500000, 0x0000000080600000, 0x0000000080600000|100%|HC|  |TAMS 0x0000000080600000, 0x0000000080500000| Complete 
|   6|0x0000000080600000, 0x0000000080700000, 0x0000000080700000|100%| O|  |TAMS 0x0000000080600000, 0x0000000080600000| Untracked 
|   7|0x0000000080700000, 0x0000000080800000, 0x0000000080800000|100%| O|  |TAMS 0x0000000080800000, 0x0000000080700000| Untracked 
|   8|0x0000000080800000, 0x0000000080900000, 0x0000000080900000|100%| O|  |TAMS 0x0000000080900000, 0x0000000080800000| Untracked 
|   9|0x0000000080900000, 0x0000000080a00000, 0x0000000080a00000|100%| O|  |TAMS 0x0000000080a00000, 0x0000000080900000| Untracked 
|  10|0x0000000080a00000, 0x0000000080b00000, 0x0000000080b00000|100%| O|  |TAMS 0x0000000080b00000, 0x0000000080a00000| Untracked 
|  11|0x0000000080b00000, 0x0000000080c00000, 0x0000000080c00000|100%| O|  |TAMS 0x0000000080c00000, 0x0000000080b00000| Untracked 
|  12|0x0000000080c00000, 0x0000000080d00000, 0x0000000080d00000|100%| O|  |TAMS 0x0000000080d00000, 0x0000000080c00000| Untracked 
|  13|0x0000000080d00000, 0x0000000080e00000, 0x0000000080e00000|100%| O|  |TAMS 0x0000000080e00000, 0x0000000080d00000| Untracked 
|  14|0x0000000080e00000, 0x0000000080f00000, 0x0000000080f00000|100%| O|  |TAMS 0x0000000080f00000, 0x0000000080e00000| Untracked 
|  15|0x0000000080f00000, 0x0000000081000000, 0x0000000081000000|100%| O|  |TAMS 0x0000000081000000, 0x0000000080f00000| Untracked 
|  16|0x0000000081000000, 0x0000000081100000, 0x0000000081100000|100%| O|  |TAMS 0x0000000081100000, 0x0000000081000000| Untracked 
|  17|0x0000000081100000, 0x0000000081200000, 0x0000000081200000|100%| O|  |TAMS 0x0000000081200000, 0x0000000081100000| Untracked 
|  18|0x0000000081200000, 0x0000000081300000, 0x0000000081300000|100%| O|  |TAMS 0x0000000081300000, 0x0000000081200000| Untracked 
|  19|0x0000000081300000, 0x0000000081400000, 0x0000000081400000|100%| O|  |TAMS 0x0000000081400000, 0x0000000081300000| Untracked 
|  20|0x0000000081400000, 0x0000000081500000, 0x0000000081500000|100%| O|  |TAMS 0x0000000081500000, 0x0000000081400000| Untracked 
|  21|0x0000000081500000, 0x0000000081600000, 0x0000000081600000|100%| O|  |TAMS 0x0000000081600000, 0x0000000081500000| Untracked 
|  22|0x0000000081600000, 0x0000000081700000, 0x0000000081700000|100%| O|  |TAMS 0x0000000081700000, 0x0000000081600000| Untracked 
|  23|0x0000000081700000, 0x0000000081800000, 0x0000000081800000|100%| O|  |TAMS 0x0000000081800000, 0x0000000081700000| Untracked 
|  24|0x0000000081800000, 0x0000000081900000, 0x0000000081900000|100%| O|  |TAMS 0x0000000081900000, 0x0000000081800000| Untracked 
|  25|0x0000000081900000, 0x0000000081a00000, 0x0000000081a00000|100%| O|  |TAMS 0x0000000081a00000, 0x0000000081900000| Untracked 
|  26|0x0000000081a00000, 0x0000000081b00000, 0x0000000081b00000|100%| O|  |TAMS 0x0000000081b00000, 0x0000000081a00000| Untracked 
|  27|0x0000000081b00000, 0x0000000081c00000, 0x0000000081c00000|100%| O|  |TAMS 0x0000000081c00000, 0x0000000081b00000| Untracked 
|  28|0x0000000081c00000, 0x0000000081d00000, 0x0000000081d00000|100%| O|  |TAMS 0x0000000081d00000, 0x0000000081c00000| Untracked 
|  29|0x0000000081d00000, 0x0000000081e00000, 0x0000000081e00000|100%| O|  |TAMS 0x0000000081e00000, 0x0000000081d00000| Untracked 
|  30|0x0000000081e00000, 0x0000000081f00000, 0x0000000081f00000|100%| O|  |TAMS 0x0000000081f00000, 0x0000000081e00000| Untracked 
|  31|0x0000000081f00000, 0x0000000082000000, 0x0000000082000000|100%| O|  |TAMS 0x0000000082000000, 0x0000000081f00000| Untracked 
|  32|0x0000000082000000, 0x0000000082100000, 0x0000000082100000|100%| O|  |TAMS 0x0000000082100000, 0x0000000082000000| Untracked 
|  33|0x0000000082100000, 0x0000000082200000, 0x0000000082200000|100%| O|  |TAMS 0x0000000082200000, 0x0000000082100000| Untracked 
|  34|0x0000000082200000, 0x0000000082300000, 0x0000000082300000|100%| O|  |TAMS 0x0000000082300000, 0x0000000082200000| Untracked 
|  35|0x0000000082300000, 0x0000000082400000, 0x0000000082400000|100%| O|  |TAMS 0x0000000082400000, 0x0000000082300000| Untracked 
|  36|0x0000000082400000, 0x0000000082500000, 0x0000000082500000|100%| O|  |TAMS 0x0000000082500000, 0x0000000082400000| Untracked 
|  37|0x0000000082500000, 0x0000000082600000, 0x0000000082600000|100%| O|  |TAMS 0x0000000082600000, 0x0000000082500000| Untracked 
|  38|0x0000000082600000, 0x0000000082700000, 0x0000000082700000|100%| O|  |TAMS 0x0000000082700000, 0x0000000082600000| Untracked 
|  39|0x0000000082700000, 0x0000000082800000, 0x0000000082800000|100%| O|  |TAMS 0x0000000082800000, 0x0000000082700000| Untracked 
|  40|0x0000000082800000, 0x0000000082900000, 0x0000000082900000|100%| O|  |TAMS 0x0000000082900000, 0x0000000082800000| Untracked 
|  41|0x0000000082900000, 0x0000000082a00000, 0x0000000082a00000|100%| O|  |TAMS 0x0000000082a00000, 0x0000000082900000| Untracked 
|  42|0x0000000082a00000, 0x0000000082b00000, 0x0000000082b00000|100%| O|  |TAMS 0x0000000082b00000, 0x0000000082a00000| Untracked 
|  43|0x0000000082b00000, 0x0000000082c00000, 0x0000000082c00000|100%| O|  |TAMS 0x0000000082c00000, 0x0000000082b00000| Untracked 
|  44|0x0000000082c00000, 0x0000000082d00000, 0x0000000082d00000|100%|HS|  |TAMS 0x0000000082d00000, 0x0000000082c00000| Complete 
|  45|0x0000000082d00000, 0x0000000082e00000, 0x0000000082e00000|100%|HC|  |TAMS 0x0000000082e00000, 0x0000000082d00000| Complete 
|  46|0x0000000082e00000, 0x0000000082f00000, 0x0000000082f00000|100%|HS|  |TAMS 0x0000000082f00000, 0x0000000082e00000| Complete 
|  47|0x0000000082f00000, 0x0000000083000000, 0x0000000083000000|100%|HC|  |TAMS 0x0000000083000000, 0x0000000082f00000| Complete 
|  48|0x0000000083000000, 0x0000000083100000, 0x0000000083100000|100%|HS|  |TAMS 0x0000000083100000, 0x0000000083000000| Complete 
|  49|0x0000000083100000, 0x0000000083200000, 0x0000000083200000|100%|HC|  |TAMS 0x0000000083200000, 0x0000000083100000| Complete 
|  50|0x0000000083200000, 0x0000000083300000, 0x0000000083300000|100%|HC|  |TAMS 0x0000000083300000, 0x0000000083200000| Complete 
|  51|0x0000000083300000, 0x0000000083400000, 0x0000000083400000|100%|HC|  |TAMS 0x0000000083400000, 0x0000000083300000| Complete 
|  52|0x0000000083400000, 0x0000000083500000, 0x0000000083500000|100%| O|  |TAMS 0x0000000083500000, 0x0000000083400000| Untracked 
|  53|0x0000000083500000, 0x0000000083600000, 0x0000000083600000|100%| O|  |TAMS 0x0000000083600000, 0x0000000083500000| Untracked 
|  54|0x0000000083600000, 0x0000000083700000, 0x0000000083700000|100%| O|  |TAMS 0x0000000083700000, 0x0000000083600000| Untracked 
|  55|0x0000000083700000, 0x0000000083800000, 0x0000000083800000|100%| O|  |TAMS 0x0000000083800000, 0x0000000083700000| Untracked 
|  56|0x0000000083800000, 0x0000000083900000, 0x0000000083900000|100%| O|  |TAMS 0x0000000083900000, 0x0000000083800000| Untracked 
|  57|0x0000000083900000, 0x0000000083a00000, 0x0000000083a00000|100%|HS|  |TAMS 0x0000000083a00000, 0x0000000083900000| Complete 
|  58|0x0000000083a00000, 0x0000000083b00000, 0x0000000083b00000|100%|HC|  |TAMS 0x0000000083b00000, 0x0000000083a00000| Complete 
|  59|0x0000000083b00000, 0x0000000083c00000, 0x0000000083c00000|100%|HC|  |TAMS 0x0000000083c00000, 0x0000000083b00000| Complete 
|  60|0x0000000083c00000, 0x0000000083d00000, 0x0000000083d00000|100%|HC|  |TAMS 0x0000000083d00000, 0x0000000083c00000| Complete 
|  61|0x0000000083d00000, 0x0000000083e00000, 0x0000000083e00000|100%| O|  |TAMS 0x0000000083e00000, 0x0000000083d00000| Untracked 
|  62|0x0000000083e00000, 0x0000000083f00000, 0x0000000083f00000|100%| O|  |TAMS 0x0000000083f00000, 0x0000000083e00000| Untracked 
|  63|0x0000000083f00000, 0x0000000084000000, 0x0000000084000000|100%| O|  |TAMS 0x0000000084000000, 0x0000000083f00000| Untracked 
|  64|0x0000000084000000, 0x0000000084100000, 0x0000000084100000|100%| O|  |TAMS 0x0000000084100000, 0x0000000084000000| Untracked 
|  65|0x0000000084100000, 0x0000000084200000, 0x0000000084200000|100%| O|  |TAMS 0x0000000084200000, 0x0000000084100000| Untracked 
|  66|0x0000000084200000, 0x0000000084300000, 0x0000000084300000|100%| O|  |TAMS 0x0000000084300000, 0x0000000084200000| Untracked 
|  67|0x0000000084300000, 0x0000000084400000, 0x0000000084400000|100%| O|  |TAMS 0x0000000084400000, 0x0000000084300000| Untracked 
|  68|0x0000000084400000, 0x0000000084500000, 0x0000000084500000|100%| O|  |TAMS 0x0000000084500000, 0x0000000084400000| Untracked 
|  69|0x0000000084500000, 0x0000000084600000, 0x0000000084600000|100%| O|  |TAMS 0x0000000084600000, 0x0000000084500000| Untracked 
|  70|0x0000000084600000, 0x0000000084700000, 0x0000000084700000|100%|HS|  |TAMS 0x0000000084700000, 0x0000000084600000| Complete 
|  71|0x0000000084700000, 0x0000000084800000, 0x0000000084800000|100%|HS|  |TAMS 0x0000000084800000, 0x0000000084700000| Complete 
|  72|0x0000000084800000, 0x0000000084900000, 0x0000000084900000|100%|HS|  |TAMS 0x0000000084900000, 0x0000000084800000| Complete 
|  73|0x0000000084900000, 0x0000000084a00000, 0x0000000084a00000|100%| O|  |TAMS 0x0000000084a00000, 0x0000000084900000| Untracked 
|  74|0x0000000084a00000, 0x0000000084b00000, 0x0000000084b00000|100%|HS|  |TAMS 0x0000000084b00000, 0x0000000084a00000| Complete 
|  75|0x0000000084b00000, 0x0000000084c00000, 0x0000000084c00000|100%| O|  |TAMS 0x0000000084c00000, 0x0000000084b00000| Untracked 
|  76|0x0000000084c00000, 0x0000000084d00000, 0x0000000084d00000|100%| O|  |TAMS 0x0000000084d00000, 0x0000000084c00000| Untracked 
|  77|0x0000000084d00000, 0x0000000084e00000, 0x0000000084e00000|100%| O|  |TAMS 0x0000000084e00000, 0x0000000084d00000| Untracked 
|  78|0x0000000084e00000, 0x0000000084f00000, 0x0000000084f00000|100%| O|  |TAMS 0x0000000084f00000, 0x0000000084e00000| Untracked 
|  79|0x0000000084f00000, 0x0000000085000000, 0x0000000085000000|100%| O|  |TAMS 0x0000000085000000, 0x0000000084f00000| Untracked 
|  80|0x0000000085000000, 0x0000000085100000, 0x0000000085100000|100%| O|  |TAMS 0x0000000085100000, 0x0000000085000000| Untracked 
|  81|0x0000000085100000, 0x0000000085200000, 0x0000000085200000|100%| O|  |TAMS 0x0000000085200000, 0x0000000085100000| Untracked 
|  82|0x0000000085200000, 0x0000000085300000, 0x0000000085300000|100%| O|  |TAMS 0x0000000085300000, 0x0000000085200000| Untracked 
|  83|0x0000000085300000, 0x0000000085400000, 0x0000000085400000|100%| O|  |TAMS 0x0000000085400000, 0x0000000085300000| Untracked 
|  84|0x0000000085400000, 0x0000000085500000, 0x0000000085500000|100%| O|  |TAMS 0x0000000085500000, 0x0000000085400000| Untracked 
|  85|0x0000000085500000, 0x0000000085600000, 0x0000000085600000|100%| O|  |TAMS 0x0000000085600000, 0x0000000085500000| Untracked 
|  86|0x0000000085600000, 0x0000000085700000, 0x0000000085700000|100%| O|  |TAMS 0x0000000085700000, 0x0000000085600000| Untracked 
|  87|0x0000000085700000, 0x0000000085800000, 0x0000000085800000|100%| O|  |TAMS 0x0000000085800000, 0x0000000085700000| Untracked 
|  88|0x0000000085800000, 0x0000000085900000, 0x0000000085900000|100%| O|  |TAMS 0x0000000085900000, 0x0000000085800000| Untracked 
|  89|0x0000000085900000, 0x0000000085a00000, 0x0000000085a00000|100%| O|  |TAMS 0x0000000085a00000, 0x0000000085900000| Untracked 
|  90|0x0000000085a00000, 0x0000000085b00000, 0x0000000085b00000|100%| O|  |TAMS 0x0000000085b00000, 0x0000000085a00000| Untracked 
|  91|0x0000000085b00000, 0x0000000085c00000, 0x0000000085c00000|100%| O|  |TAMS 0x0000000085c00000, 0x0000000085b00000| Untracked 
|  92|0x0000000085c00000, 0x0000000085d00000, 0x0000000085d00000|100%|HS|  |TAMS 0x0000000085d00000, 0x0000000085c00000| Complete 
|  93|0x0000000085d00000, 0x0000000085e00000, 0x0000000085e00000|100%|HS|  |TAMS 0x0000000085e00000, 0x0000000085d00000| Complete 
|  94|0x0000000085e00000, 0x0000000085f00000, 0x0000000085f00000|100%| O|  |TAMS 0x0000000085f00000, 0x0000000085e00000| Untracked 
|  95|0x0000000085f00000, 0x0000000086000000, 0x0000000086000000|100%|HS|  |TAMS 0x0000000086000000, 0x0000000085f00000| Complete 
|  96|0x0000000086000000, 0x0000000086100000, 0x0000000086100000|100%|HC|  |TAMS 0x0000000086100000, 0x0000000086000000| Complete 
|  97|0x0000000086100000, 0x0000000086200000, 0x0000000086200000|100%|HS|  |TAMS 0x0000000086200000, 0x0000000086100000| Complete 
|  98|0x0000000086200000, 0x0000000086300000, 0x0000000086300000|100%| O|  |TAMS 0x0000000086300000, 0x0000000086200000| Untracked 
|  99|0x0000000086300000, 0x0000000086400000, 0x0000000086400000|100%| O|  |TAMS 0x0000000086400000, 0x0000000086300000| Untracked 
| 100|0x0000000086400000, 0x0000000086500000, 0x0000000086500000|100%| O|  |TAMS 0x0000000086500000, 0x0000000086400000| Untracked 
| 101|0x0000000086500000, 0x0000000086600000, 0x0000000086600000|100%| O|  |TAMS 0x0000000086600000, 0x0000000086500000| Untracked 
| 102|0x0000000086600000, 0x0000000086700000, 0x0000000086700000|100%| O|  |TAMS 0x0000000086700000, 0x0000000086600000| Untracked 
| 103|0x0000000086700000, 0x0000000086800000, 0x0000000086800000|100%| O|  |TAMS 0x0000000086800000, 0x0000000086700000| Untracked 
| 104|0x0000000086800000, 0x0000000086900000, 0x0000000086900000|100%| O|  |TAMS 0x0000000086900000, 0x0000000086800000| Untracked 
| 105|0x0000000086900000, 0x0000000086a00000, 0x0000000086a00000|100%| O|  |TAMS 0x0000000086a00000, 0x0000000086900000| Untracked 
| 106|0x0000000086a00000, 0x0000000086b00000, 0x0000000086b00000|100%| O|  |TAMS 0x0000000086b00000, 0x0000000086a00000| Untracked 
| 107|0x0000000086b00000, 0x0000000086c00000, 0x0000000086c00000|100%| O|  |TAMS 0x0000000086c00000, 0x0000000086b00000| Untracked 
| 108|0x0000000086c00000, 0x0000000086d00000, 0x0000000086d00000|100%| O|  |TAMS 0x0000000086d00000, 0x0000000086c00000| Untracked 
| 109|0x0000000086d00000, 0x0000000086e00000, 0x0000000086e00000|100%| O|  |TAMS 0x0000000086e00000, 0x0000000086d00000| Untracked 
| 110|0x0000000086e00000, 0x0000000086f00000, 0x0000000086f00000|100%| O|  |TAMS 0x0000000086f00000, 0x0000000086e00000| Untracked 
| 111|0x0000000086f00000, 0x0000000087000000, 0x0000000087000000|100%| O|  |TAMS 0x0000000087000000, 0x0000000086f00000| Untracked 
| 112|0x0000000087000000, 0x0000000087100000, 0x0000000087100000|100%| O|  |TAMS 0x0000000087100000, 0x0000000087000000| Untracked 
| 113|0x0000000087100000, 0x0000000087200000, 0x0000000087200000|100%| O|  |TAMS 0x0000000087200000, 0x0000000087100000| Untracked 
| 114|0x0000000087200000, 0x0000000087300000, 0x0000000087300000|100%| O|  |TAMS 0x0000000087300000, 0x0000000087200000| Untracked 
| 115|0x0000000087300000, 0x0000000087400000, 0x0000000087400000|100%| O|  |TAMS 0x0000000087400000, 0x0000000087300000| Untracked 
| 116|0x0000000087400000, 0x0000000087500000, 0x0000000087500000|100%| O|  |TAMS 0x0000000087500000, 0x0000000087400000| Untracked 
| 117|0x0000000087500000, 0x0000000087600000, 0x0000000087600000|100%| O|  |TAMS 0x0000000087600000, 0x0000000087500000| Untracked 
| 118|0x0000000087600000, 0x0000000087700000, 0x0000000087700000|100%| O|  |TAMS 0x0000000087700000, 0x0000000087600000| Untracked 
| 119|0x0000000087700000, 0x0000000087800000, 0x0000000087800000|100%| O|  |TAMS 0x0000000087800000, 0x0000000087700000| Untracked 
| 120|0x0000000087800000, 0x0000000087900000, 0x0000000087900000|100%| O|  |TAMS 0x0000000087900000, 0x0000000087800000| Untracked 
| 121|0x0000000087900000, 0x0000000087a00000, 0x0000000087a00000|100%| O|  |TAMS 0x0000000087a00000, 0x0000000087900000| Untracked 
| 122|0x0000000087a00000, 0x0000000087b00000, 0x0000000087b00000|100%| O|  |TAMS 0x0000000087b00000, 0x0000000087a00000| Untracked 
| 123|0x0000000087b00000, 0x0000000087c00000, 0x0000000087c00000|100%| O|  |TAMS 0x0000000087c00000, 0x0000000087b00000| Untracked 
| 124|0x0000000087c00000, 0x0000000087d00000, 0x0000000087d00000|100%| O|  |TAMS 0x0000000087d00000, 0x0000000087c00000| Untracked 
| 125|0x0000000087d00000, 0x0000000087e00000, 0x0000000087e00000|100%| O|  |TAMS 0x0000000087e00000, 0x0000000087d00000| Untracked 
| 126|0x0000000087e00000, 0x0000000087f00000, 0x0000000087f00000|100%| O|  |TAMS 0x0000000087f00000, 0x0000000087e00000| Untracked 
| 127|0x0000000087f00000, 0x0000000088000000, 0x0000000088000000|100%| O|  |TAMS 0x0000000088000000, 0x0000000087f00000| Untracked 
| 128|0x0000000088000000, 0x0000000088100000, 0x0000000088100000|100%| O|  |TAMS 0x0000000088000000, 0x0000000088000000| Untracked 
| 129|0x0000000088100000, 0x0000000088200000, 0x0000000088200000|100%|HS|  |TAMS 0x0000000088200000, 0x0000000088100000| Complete 
| 130|0x0000000088200000, 0x0000000088300000, 0x0000000088300000|100%|HS|  |TAMS 0x0000000088300000, 0x0000000088200000| Complete 
| 131|0x0000000088300000, 0x0000000088400000, 0x0000000088400000|100%| O|  |TAMS 0x0000000088400000, 0x0000000088300000| Untracked 
| 132|0x0000000088400000, 0x0000000088500000, 0x0000000088500000|100%| O|  |TAMS 0x0000000088500000, 0x0000000088400000| Untracked 
| 133|0x0000000088500000, 0x0000000088600000, 0x0000000088600000|100%| O|  |TAMS 0x0000000088600000, 0x0000000088500000| Untracked 
| 134|0x0000000088600000, 0x0000000088700000, 0x0000000088700000|100%| O|  |TAMS 0x0000000088700000, 0x0000000088600000| Untracked 
| 135|0x0000000088700000, 0x0000000088800000, 0x0000000088800000|100%| O|  |TAMS 0x0000000088800000, 0x0000000088700000| Untracked 
| 136|0x0000000088800000, 0x0000000088900000, 0x0000000088900000|100%| O|  |TAMS 0x0000000088900000, 0x0000000088800000| Untracked 
| 137|0x0000000088900000, 0x0000000088a00000, 0x0000000088a00000|100%| O|  |TAMS 0x0000000088a00000, 0x0000000088900000| Untracked 
| 138|0x0000000088a00000, 0x0000000088b00000, 0x0000000088b00000|100%| O|  |TAMS 0x0000000088b00000, 0x0000000088a00000| Untracked 
| 139|0x0000000088b00000, 0x0000000088c00000, 0x0000000088c00000|100%| O|  |TAMS 0x0000000088c00000, 0x0000000088b00000| Untracked 
| 140|0x0000000088c00000, 0x0000000088d00000, 0x0000000088d00000|100%| O|  |TAMS 0x0000000088c64600, 0x0000000088c00000| Untracked 
| 141|0x0000000088d00000, 0x0000000088e00000, 0x0000000088e00000|100%| O|  |TAMS 0x0000000088d00000, 0x0000000088d00000| Untracked 
| 142|0x0000000088e00000, 0x0000000088f00000, 0x0000000088f00000|100%| O|  |TAMS 0x0000000088e00000, 0x0000000088e00000| Untracked 
| 143|0x0000000088f00000, 0x0000000089000000, 0x0000000089000000|100%| O|  |TAMS 0x0000000088f00000, 0x0000000088f00000| Untracked 
| 144|0x0000000089000000, 0x0000000089100000, 0x0000000089100000|100%| O|  |TAMS 0x0000000089000000, 0x0000000089000000| Untracked 
| 145|0x0000000089100000, 0x0000000089200000, 0x0000000089200000|100%| O|  |TAMS 0x0000000089100000, 0x0000000089100000| Untracked 
| 146|0x0000000089200000, 0x0000000089300000, 0x0000000089300000|100%| O|  |TAMS 0x0000000089200000, 0x0000000089200000| Untracked 
| 147|0x0000000089300000, 0x0000000089400000, 0x0000000089400000|100%| O|  |TAMS 0x0000000089300000, 0x0000000089300000| Untracked 
| 148|0x0000000089400000, 0x0000000089500000, 0x0000000089500000|100%| O|  |TAMS 0x0000000089400000, 0x0000000089400000| Untracked 
| 149|0x0000000089500000, 0x0000000089550e00, 0x0000000089600000| 31%| O|  |TAMS 0x0000000089500000, 0x0000000089500000| Untracked 
| 150|0x0000000089600000, 0x0000000089600000, 0x0000000089700000|  0%| F|  |TAMS 0x0000000089600000, 0x0000000089600000| Untracked 
| 151|0x0000000089700000, 0x0000000089700000, 0x0000000089800000|  0%| F|  |TAMS 0x0000000089700000, 0x0000000089700000| Untracked 
| 152|0x0000000089800000, 0x0000000089800000, 0x0000000089900000|  0%| F|  |TAMS 0x0000000089800000, 0x0000000089800000| Untracked 
| 153|0x0000000089900000, 0x0000000089900000, 0x0000000089a00000|  0%| F|  |TAMS 0x0000000089900000, 0x0000000089900000| Untracked 
| 154|0x0000000089a00000, 0x0000000089a00000, 0x0000000089b00000|  0%| F|  |TAMS 0x0000000089a00000, 0x0000000089a00000| Untracked 
| 155|0x0000000089b00000, 0x0000000089b00000, 0x0000000089c00000|  0%| F|  |TAMS 0x0000000089b00000, 0x0000000089b00000| Untracked 
| 156|0x0000000089c00000, 0x0000000089c00000, 0x0000000089d00000|  0%| F|  |TAMS 0x0000000089c00000, 0x0000000089c00000| Untracked 
| 157|0x0000000089d00000, 0x0000000089d00000, 0x0000000089e00000|  0%| F|  |TAMS 0x0000000089d00000, 0x0000000089d00000| Untracked 
| 158|0x0000000089e00000, 0x0000000089e00000, 0x0000000089f00000|  0%| F|  |TAMS 0x0000000089e00000, 0x0000000089e00000| Untracked 
| 159|0x0000000089f00000, 0x0000000089f00000, 0x000000008a000000|  0%| F|  |TAMS 0x0000000089f00000, 0x0000000089f00000| Untracked 
| 160|0x000000008a000000, 0x000000008a000000, 0x000000008a100000|  0%| F|  |TAMS 0x000000008a000000, 0x000000008a000000| Untracked 
| 161|0x000000008a100000, 0x000000008a100000, 0x000000008a200000|  0%| F|  |TAMS 0x000000008a100000, 0x000000008a100000| Untracked 
| 162|0x000000008a200000, 0x000000008a200000, 0x000000008a300000|  0%| F|  |TAMS 0x000000008a200000, 0x000000008a200000| Untracked 
| 163|0x000000008a300000, 0x000000008a300000, 0x000000008a400000|  0%| F|  |TAMS 0x000000008a300000, 0x000000008a300000| Untracked 
| 164|0x000000008a400000, 0x000000008a400000, 0x000000008a500000|  0%| F|  |TAMS 0x000000008a400000, 0x000000008a400000| Untracked 
| 165|0x000000008a500000, 0x000000008a500000, 0x000000008a600000|  0%| F|  |TAMS 0x000000008a500000, 0x000000008a500000| Untracked 
| 166|0x000000008a600000, 0x000000008a600000, 0x000000008a700000|  0%| F|  |TAMS 0x000000008a600000, 0x000000008a600000| Untracked 
| 167|0x000000008a700000, 0x000000008a700000, 0x000000008a800000|  0%| F|  |TAMS 0x000000008a700000, 0x000000008a700000| Untracked 
| 168|0x000000008a800000, 0x000000008a800000, 0x000000008a900000|  0%| F|  |TAMS 0x000000008a800000, 0x000000008a800000| Untracked 
| 169|0x000000008a900000, 0x000000008a900000, 0x000000008aa00000|  0%| F|  |TAMS 0x000000008a900000, 0x000000008a900000| Untracked 
| 170|0x000000008aa00000, 0x000000008aa00000, 0x000000008ab00000|  0%| F|  |TAMS 0x000000008aa00000, 0x000000008aa00000| Untracked 
| 171|0x000000008ab00000, 0x000000008ab00000, 0x000000008ac00000|  0%| F|  |TAMS 0x000000008ab00000, 0x000000008ab00000| Untracked 
| 172|0x000000008ac00000, 0x000000008ac00000, 0x000000008ad00000|  0%| F|  |TAMS 0x000000008ac00000, 0x000000008ac00000| Untracked 
| 173|0x000000008ad00000, 0x000000008ad00000, 0x000000008ae00000|  0%| F|  |TAMS 0x000000008ad00000, 0x000000008ad00000| Untracked 
| 174|0x000000008ae00000, 0x000000008ae00000, 0x000000008af00000|  0%| F|  |TAMS 0x000000008ae00000, 0x000000008ae00000| Untracked 
| 175|0x000000008af00000, 0x000000008af00000, 0x000000008b000000|  0%| F|  |TAMS 0x000000008af00000, 0x000000008af00000| Untracked 
| 176|0x000000008b000000, 0x000000008b000000, 0x000000008b100000|  0%| F|  |TAMS 0x000000008b000000, 0x000000008b000000| Untracked 
| 177|0x000000008b100000, 0x000000008b100000, 0x000000008b200000|  0%| F|  |TAMS 0x000000008b100000, 0x000000008b100000| Untracked 
| 178|0x000000008b200000, 0x000000008b200000, 0x000000008b300000|  0%| F|  |TAMS 0x000000008b200000, 0x000000008b200000| Untracked 
| 179|0x000000008b300000, 0x000000008b300000, 0x000000008b400000|  0%| F|  |TAMS 0x000000008b300000, 0x000000008b300000| Untracked 
| 180|0x000000008b400000, 0x000000008b400000, 0x000000008b500000|  0%| F|  |TAMS 0x000000008b400000, 0x000000008b400000| Untracked 
| 181|0x000000008b500000, 0x000000008b500000, 0x000000008b600000|  0%| F|  |TAMS 0x000000008b500000, 0x000000008b500000| Untracked 
| 182|0x000000008b600000, 0x000000008b600000, 0x000000008b700000|  0%| F|  |TAMS 0x000000008b600000, 0x000000008b600000| Untracked 
| 183|0x000000008b700000, 0x000000008b700000, 0x000000008b800000|  0%| F|  |TAMS 0x000000008b700000, 0x000000008b700000| Untracked 
| 184|0x000000008b800000, 0x000000008b800000, 0x000000008b900000|  0%| F|  |TAMS 0x000000008b800000, 0x000000008b800000| Untracked 
| 185|0x000000008b900000, 0x000000008b900000, 0x000000008ba00000|  0%| F|  |TAMS 0x000000008b900000, 0x000000008b900000| Untracked 
| 186|0x000000008ba00000, 0x000000008bb00000, 0x000000008bb00000|100%| S|CS|TAMS 0x000000008ba00000, 0x000000008ba00000| Complete 
| 187|0x000000008bb00000, 0x000000008bc00000, 0x000000008bc00000|100%| S|CS|TAMS 0x000000008bb00000, 0x000000008bb00000| Complete 
| 188|0x000000008bc00000, 0x000000008bd00000, 0x000000008bd00000|100%| S|CS|TAMS 0x000000008bc00000, 0x000000008bc00000| Complete 
| 189|0x000000008bd00000, 0x000000008be00000, 0x000000008be00000|100%| S|CS|TAMS 0x000000008bd00000, 0x000000008bd00000| Complete 
| 190|0x000000008be00000, 0x000000008bf00000, 0x000000008bf00000|100%| S|CS|TAMS 0x000000008be00000, 0x000000008be00000| Complete 
| 191|0x000000008bf00000, 0x000000008c000000, 0x000000008c000000|100%| S|CS|TAMS 0x000000008bf00000, 0x000000008bf00000| Complete 
| 192|0x000000008c000000, 0x000000008c000000, 0x000000008c100000|  0%| F|  |TAMS 0x000000008c000000, 0x000000008c000000| Untracked 
| 193|0x000000008c100000, 0x000000008c100000, 0x000000008c200000|  0%| F|  |TAMS 0x000000008c100000, 0x000000008c100000| Untracked 
| 194|0x000000008c200000, 0x000000008c200000, 0x000000008c300000|  0%| F|  |TAMS 0x000000008c200000, 0x000000008c200000| Untracked 
| 195|0x000000008c300000, 0x000000008c300000, 0x000000008c400000|  0%| F|  |TAMS 0x000000008c300000, 0x000000008c300000| Untracked 
| 196|0x000000008c400000, 0x000000008c400000, 0x000000008c500000|  0%| F|  |TAMS 0x000000008c400000, 0x000000008c400000| Untracked 
| 197|0x000000008c500000, 0x000000008c600000, 0x000000008c600000|100%| S|CS|TAMS 0x000000008c500000, 0x000000008c500000| Complete 
| 198|0x000000008c600000, 0x000000008c700000, 0x000000008c700000|100%| S|CS|TAMS 0x000000008c600000, 0x000000008c600000| Complete 
| 199|0x000000008c700000, 0x000000008c700000, 0x000000008c800000|  0%| F|  |TAMS 0x000000008c700000, 0x000000008c700000| Untracked 
| 200|0x000000008c800000, 0x000000008c800000, 0x000000008c900000|  0%| F|  |TAMS 0x000000008c800000, 0x000000008c800000| Untracked 
| 201|0x000000008c900000, 0x000000008c900000, 0x000000008ca00000|  0%| F|  |TAMS 0x000000008c900000, 0x000000008c900000| Untracked 
| 202|0x000000008ca00000, 0x000000008ca00000, 0x000000008cb00000|  0%| F|  |TAMS 0x000000008ca00000, 0x000000008ca00000| Untracked 
| 203|0x000000008cb00000, 0x000000008cb00000, 0x000000008cc00000|  0%| F|  |TAMS 0x000000008cb00000, 0x000000008cb00000| Untracked 
| 204|0x000000008cc00000, 0x000000008cc00000, 0x000000008cd00000|  0%| F|  |TAMS 0x000000008cc00000, 0x000000008cc00000| Untracked 
| 205|0x000000008cd00000, 0x000000008cd00000, 0x000000008ce00000|  0%| F|  |TAMS 0x000000008cd00000, 0x000000008cd00000| Untracked 
| 206|0x000000008ce00000, 0x000000008ce00000, 0x000000008cf00000|  0%| F|  |TAMS 0x000000008ce00000, 0x000000008ce00000| Untracked 
| 207|0x000000008cf00000, 0x000000008cf00000, 0x000000008d000000|  0%| F|  |TAMS 0x000000008cf00000, 0x000000008cf00000| Untracked 
| 208|0x000000008d000000, 0x000000008d000000, 0x000000008d100000|  0%| F|  |TAMS 0x000000008d000000, 0x000000008d000000| Untracked 
| 209|0x000000008d100000, 0x000000008d100000, 0x000000008d200000|  0%| F|  |TAMS 0x000000008d100000, 0x000000008d100000| Untracked 
| 210|0x000000008d200000, 0x000000008d200000, 0x000000008d300000|  0%| F|  |TAMS 0x000000008d200000, 0x000000008d200000| Untracked 
| 211|0x000000008d300000, 0x000000008d300000, 0x000000008d400000|  0%| F|  |TAMS 0x000000008d300000, 0x000000008d300000| Untracked 
| 212|0x000000008d400000, 0x000000008d400000, 0x000000008d500000|  0%| F|  |TAMS 0x000000008d400000, 0x000000008d400000| Untracked 
| 213|0x000000008d500000, 0x000000008d500000, 0x000000008d600000|  0%| F|  |TAMS 0x000000008d500000, 0x000000008d500000| Untracked 
| 214|0x000000008d600000, 0x000000008d600000, 0x000000008d700000|  0%| F|  |TAMS 0x000000008d600000, 0x000000008d600000| Untracked 
| 215|0x000000008d700000, 0x000000008d700000, 0x000000008d800000|  0%| F|  |TAMS 0x000000008d700000, 0x000000008d700000| Untracked 
| 216|0x000000008d800000, 0x000000008d800000, 0x000000008d900000|  0%| F|  |TAMS 0x000000008d800000, 0x000000008d800000| Untracked 
| 217|0x000000008d900000, 0x000000008d900000, 0x000000008da00000|  0%| F|  |TAMS 0x000000008d900000, 0x000000008d900000| Untracked 
| 218|0x000000008da00000, 0x000000008da00000, 0x000000008db00000|  0%| F|  |TAMS 0x000000008da00000, 0x000000008da00000| Untracked 
| 219|0x000000008db00000, 0x000000008db00000, 0x000000008dc00000|  0%| F|  |TAMS 0x000000008db00000, 0x000000008db00000| Untracked 
| 220|0x000000008dc00000, 0x000000008dc00000, 0x000000008dd00000|  0%| F|  |TAMS 0x000000008dc00000, 0x000000008dc00000| Untracked 
| 221|0x000000008dd00000, 0x000000008dd00000, 0x000000008de00000|  0%| F|  |TAMS 0x000000008dd00000, 0x000000008dd00000| Untracked 
| 222|0x000000008de00000, 0x000000008de00000, 0x000000008df00000|  0%| F|  |TAMS 0x000000008de00000, 0x000000008de00000| Untracked 
| 223|0x000000008df00000, 0x000000008df00000, 0x000000008e000000|  0%| F|  |TAMS 0x000000008df00000, 0x000000008df00000| Untracked 
| 224|0x000000008e000000, 0x000000008e000000, 0x000000008e100000|  0%| F|  |TAMS 0x000000008e000000, 0x000000008e000000| Untracked 
| 225|0x000000008e100000, 0x000000008e100000, 0x000000008e200000|  0%| F|  |TAMS 0x000000008e100000, 0x000000008e100000| Untracked 
| 226|0x000000008e200000, 0x000000008e200000, 0x000000008e300000|  0%| F|  |TAMS 0x000000008e200000, 0x000000008e200000| Untracked 
| 227|0x000000008e300000, 0x000000008e300000, 0x000000008e400000|  0%| F|  |TAMS 0x000000008e300000, 0x000000008e300000| Untracked 
| 228|0x000000008e400000, 0x000000008e400000, 0x000000008e500000|  0%| F|  |TAMS 0x000000008e400000, 0x000000008e400000| Untracked 
| 229|0x000000008e500000, 0x000000008e500000, 0x000000008e600000|  0%| F|  |TAMS 0x000000008e500000, 0x000000008e500000| Untracked 
| 230|0x000000008e600000, 0x000000008e600000, 0x000000008e700000|  0%| F|  |TAMS 0x000000008e600000, 0x000000008e600000| Untracked 
| 231|0x000000008e700000, 0x000000008e700000, 0x000000008e800000|  0%| F|  |TAMS 0x000000008e700000, 0x000000008e700000| Untracked 
| 232|0x000000008e800000, 0x000000008e800000, 0x000000008e900000|  0%| F|  |TAMS 0x000000008e800000, 0x000000008e800000| Untracked 
| 233|0x000000008e900000, 0x000000008e900000, 0x000000008ea00000|  0%| F|  |TAMS 0x000000008e900000, 0x000000008e900000| Untracked 
| 234|0x000000008ea00000, 0x000000008ea00000, 0x000000008eb00000|  0%| F|  |TAMS 0x000000008ea00000, 0x000000008ea00000| Untracked 
| 235|0x000000008eb00000, 0x000000008eb00000, 0x000000008ec00000|  0%| F|  |TAMS 0x000000008eb00000, 0x000000008eb00000| Untracked 
| 236|0x000000008ec00000, 0x000000008ec00000, 0x000000008ed00000|  0%| F|  |TAMS 0x000000008ec00000, 0x000000008ec00000| Untracked 
| 237|0x000000008ed00000, 0x000000008ed00000, 0x000000008ee00000|  0%| F|  |TAMS 0x000000008ed00000, 0x000000008ed00000| Untracked 
| 238|0x000000008ee00000, 0x000000008ee00000, 0x000000008ef00000|  0%| F|  |TAMS 0x000000008ee00000, 0x000000008ee00000| Untracked 
| 239|0x000000008ef00000, 0x000000008ef00000, 0x000000008f000000|  0%| F|  |TAMS 0x000000008ef00000, 0x000000008ef00000| Untracked 
| 240|0x000000008f000000, 0x000000008f000000, 0x000000008f100000|  0%| F|  |TAMS 0x000000008f000000, 0x000000008f000000| Untracked 
| 241|0x000000008f100000, 0x000000008f100000, 0x000000008f200000|  0%| F|  |TAMS 0x000000008f100000, 0x000000008f100000| Untracked 
| 242|0x000000008f200000, 0x000000008f200000, 0x000000008f300000|  0%| F|  |TAMS 0x000000008f200000, 0x000000008f200000| Untracked 
| 243|0x000000008f300000, 0x000000008f300000, 0x000000008f400000|  0%| F|  |TAMS 0x000000008f300000, 0x000000008f300000| Untracked 
| 244|0x000000008f400000, 0x000000008f400000, 0x000000008f500000|  0%| F|  |TAMS 0x000000008f400000, 0x000000008f400000| Untracked 
| 245|0x000000008f500000, 0x000000008f5e6c20, 0x000000008f600000| 90%| E|  |TAMS 0x000000008f500000, 0x000000008f500000| Complete 
| 246|0x000000008f600000, 0x000000008f700000, 0x000000008f700000|100%| E|CS|TAMS 0x000000008f600000, 0x000000008f600000| Complete 
| 247|0x000000008f700000, 0x000000008f800000, 0x000000008f800000|100%| E|CS|TAMS 0x000000008f700000, 0x000000008f700000| Complete 
| 248|0x000000008f800000, 0x000000008f900000, 0x000000008f900000|100%| E|CS|TAMS 0x000000008f800000, 0x000000008f800000| Complete 
| 249|0x000000008f900000, 0x000000008fa00000, 0x000000008fa00000|100%| E|CS|TAMS 0x000000008f900000, 0x000000008f900000| Complete 
| 250|0x000000008fa00000, 0x000000008fb00000, 0x000000008fb00000|100%| E|CS|TAMS 0x000000008fa00000, 0x000000008fa00000| Complete 
| 251|0x000000008fb00000, 0x000000008fc00000, 0x000000008fc00000|100%| E|CS|TAMS 0x000000008fb00000, 0x000000008fb00000| Complete 
| 252|0x000000008fc00000, 0x000000008fd00000, 0x000000008fd00000|100%| E|CS|TAMS 0x000000008fc00000, 0x000000008fc00000| Complete 
| 253|0x000000008fd00000, 0x000000008fe00000, 0x000000008fe00000|100%| E|CS|TAMS 0x000000008fd00000, 0x000000008fd00000| Complete 
| 254|0x000000008fe00000, 0x000000008ff00000, 0x000000008ff00000|100%| E|CS|TAMS 0x000000008fe00000, 0x000000008fe00000| Complete 
| 255|0x000000008ff00000, 0x0000000090000000, 0x0000000090000000|100%| E|CS|TAMS 0x000000008ff00000, 0x000000008ff00000| Complete 
| 256|0x0000000090000000, 0x0000000090100000, 0x0000000090100000|100%| E|CS|TAMS 0x0000000090000000, 0x0000000090000000| Complete 

Card table byte_map: [0x000001a9dcd60000,0x000001a9dd160000] _byte_map_base: 0x000001a9dc960000

Marking Bits (Prev, Next): (CMBitMap*) 0x000001a9c5ecb7b0, (CMBitMap*) 0x000001a9c5ecb770
 Prev Bits: [0x000001a9df560000, 0x000001a9e1560000)
 Next Bits: [0x000001a9dd560000, 0x000001a9df560000)

Polling page: 0x000001a9c3d60000

Metaspace:

Usage:
  Non-class:     94.59 MB used.
      Class:     15.12 MB used.
       Both:    109.71 MB used.

Virtual space:
  Non-class space:      128.00 MB reserved,      95.19 MB ( 74%) committed,  2 nodes.
      Class space:      416.00 MB reserved,      15.56 MB (  4%) committed,  1 nodes.
             Both:      544.00 MB reserved,     110.75 MB ( 20%) committed. 

Chunk freelists:
   Non-Class:  621.00 KB
       Class:  448.00 KB
        Both:  1.04 MB

MaxMetaspaceSize: 512.00 MB
CompressedClassSpaceSize: 416.00 MB
Initial GC threshold: 21.00 MB
Current GC threshold: 180.88 MB
CDS: on
MetaspaceReclaimPolicy: balanced
 - commit_granule_bytes: 65536.
 - commit_granule_words: 8192.
 - virtual_space_node_default_size: 8388608.
 - enlarge_chunks_in_place: 1.
 - new_chunks_are_fully_committed: 0.
 - uncommit_free_chunks: 1.
 - use_allocation_guard: 0.
 - handle_deallocations: 1.


Internal statistics:

num_allocs_failed_limit: 9.
num_arena_births: 1304.
num_arena_deaths: 0.
num_vsnodes_births: 3.
num_vsnodes_deaths: 0.
num_space_committed: 1772.
num_space_uncommitted: 0.
num_chunks_returned_to_freelist: 9.
num_chunks_taken_from_freelist: 6022.
num_chunk_merges: 9.
num_chunk_splits: 3945.
num_chunks_enlarged: 2581.
num_inconsistent_stats: 0.

CodeHeap 'non-profiled nmethods': size=120000Kb used=9325Kb max_used=9325Kb free=110674Kb
 bounds [0x000001a9d5430000, 0x000001a9d5d50000, 0x000001a9dc960000]
CodeHeap 'profiled nmethods': size=120000Kb used=27200Kb max_used=27225Kb free=92799Kb
 bounds [0x000001a9cd960000, 0x000001a9cf400000, 0x000001a9d4e90000]
CodeHeap 'non-nmethods': size=5760Kb used=2444Kb max_used=2572Kb free=3315Kb
 bounds [0x000001a9d4e90000, 0x000001a9d5130000, 0x000001a9d5430000]
 total_blobs=14538 nmethods=13553 adapters=897
 compilation: enabled
              stopped_count=0, restarted_count=0
 full_count=0

Compilation events (20 events):
Event: 49.787 Thread 0x000001a985e22ee0 nmethod 15894 0x000001a9d5d35f10 code [0x000001a9d5d360e0, 0x000001a9d5d366c8]
Event: 49.788 Thread 0x000001a985e22ee0 15895       4       com.google.common.cache.LocalCache$Segment::newEntry (18 bytes)
Event: 49.797 Thread 0x000001a985e22ee0 nmethod 15895 0x000001a9d5d36c10 code [0x000001a9d5d36dc0, 0x000001a9d5d37458]
Event: 49.797 Thread 0x000001a985e22ee0 15898       4       org.gradle.internal.snapshot.FileSystemLocationSnapshot$$Lambda$478/0x000001a9e542f3d8::apply (10 bytes)
Event: 49.799 Thread 0x000001a985e22ee0 nmethod 15898 0x000001a9d5d37610 code [0x000001a9d5d377a0, 0x000001a9d5d378b8]
Event: 49.799 Thread 0x000001a985e22ee0 15897       4       org.gradle.cache.internal.btree.KeyHasher$MessageDigestStream::write (11 bytes)
Event: 49.814 Thread 0x000001a985e22ee0 nmethod 15897 0x000001a9d5d37990 code [0x000001a9d5d37b40, 0x000001a9d5d38248]
Event: 49.814 Thread 0x000001a985e22ee0 15899   !   4       org.gradle.internal.concurrent.ExecutorPolicy$CatchAndRecordFailures::onExecute (29 bytes)
Event: 49.816 Thread 0x000001a985e22ee0 nmethod 15899 0x000001a9d5d38810 code [0x000001a9d5d389a0, 0x000001a9d5d38b18]
Event: 49.816 Thread 0x000001a985e22ee0 15896       4       org.gradle.cache.internal.CrossProcessSynchronizingIndexedCache::getIfPresent (17 bytes)
Event: 49.834 Thread 0x000001a9e3a33700 nmethod 15892 0x000001a9d5d38c90 code [0x000001a9d5d38f20, 0x000001a9d5d3ab90]
Event: 49.834 Thread 0x000001a9e3a33700 15901       4       org.gradle.cache.internal.DefaultFileLockManager$DefaultFileLock::assertOpenAndIntegral (41 bytes)
Event: 49.836 Thread 0x000001a9e3a33700 nmethod 15901 0x000001a9d5d3b890 code [0x000001a9d5d3ba20, 0x000001a9d5d3bb58]
Event: 49.836 Thread 0x000001a9e3a33700 15900       4       com.google.common.cache.LocalCache$LoadingValueReference::get (10 bytes)
Event: 49.836 Thread 0x000001a9e3a33700 nmethod 15900 0x000001a9d5d3bc90 code [0x000001a9d5d3be00, 0x000001a9d5d3beb8]
Event: 49.836 Thread 0x000001a9e3a33700 15893   !   4       org.gradle.cache.internal.ExclusiveCacheAccessingWorker::read (42 bytes)
Event: 49.837 Thread 0x000001a985e22ee0 nmethod 15896 0x000001a9d5d3bf90 code [0x000001a9d5d3c1c0, 0x000001a9d5d3cb30]
Event: 49.838 Thread 0x000001a985e22ee0 15902   !   4       org.gradle.cache.internal.DefaultMultiProcessSafeIndexedCache::getIfPresent (25 bytes)
Event: 49.901 Thread 0x000001a9e3a33700 nmethod 15893 0x000001a9d5d3d310 code [0x000001a9d5d3d580, 0x000001a9d5d3f110]
Event: 49.902 Thread 0x000001a9e3a33700 15903   !   4       java.nio.file.FileTreeWalker::next (144 bytes)

GC Heap History (20 events):
Event: 38.888 GC heap before
{Heap before GC invocations=39 (full 0):
 garbage-first heap   total 260096K, used 194788K [0x0000000080000000, 0x0000000100000000)
  region size 1024K, 103 young (105472K), 9 survivors (9216K)
 Metaspace       used 100167K, committed 101056K, reserved 557056K
  class space    used 13879K, committed 14272K, reserved 425984K
}
Event: 38.907 GC heap after
{Heap after GC invocations=40 (full 0):
 garbage-first heap   total 260096K, used 106318K [0x0000000080000000, 0x0000000100000000)
  region size 1024K, 12 young (12288K), 12 survivors (12288K)
 Metaspace       used 100167K, committed 101056K, reserved 557056K
  class space    used 13879K, committed 14272K, reserved 425984K
}
Event: 41.691 GC heap before
{Heap before GC invocations=40 (full 0):
 garbage-first heap   total 260096K, used 203598K [0x0000000080000000, 0x0000000100000000)
  region size 1024K, 102 young (104448K), 12 survivors (12288K)
 Metaspace       used 101998K, committed 102912K, reserved 557056K
  class space    used 14127K, committed 14528K, reserved 425984K
}
Event: 41.721 GC heap after
{Heap after GC invocations=41 (full 0):
 garbage-first heap   total 260096K, used 130918K [0x0000000080000000, 0x0000000100000000)
  region size 1024K, 13 young (13312K), 13 survivors (13312K)
 Metaspace       used 101998K, committed 102912K, reserved 557056K
  class space    used 14127K, committed 14528K, reserved 425984K
}
Event: 42.103 GC heap before
{Heap before GC invocations=41 (full 0):
 garbage-first heap   total 260096K, used 143206K [0x0000000080000000, 0x0000000100000000)
  region size 1024K, 27 young (27648K), 13 survivors (13312K)
 Metaspace       used 102081K, committed 103040K, reserved 557056K
  class space    used 14133K, committed 14528K, reserved 425984K
}
Event: 42.120 GC heap after
{Heap after GC invocations=42 (full 0):
 garbage-first heap   total 260096K, used 135168K [0x0000000080000000, 0x0000000100000000)
  region size 1024K, 3 young (3072K), 3 survivors (3072K)
 Metaspace       used 102081K, committed 103040K, reserved 557056K
  class space    used 14133K, committed 14528K, reserved 425984K
}
Event: 43.750 GC heap before
{Heap before GC invocations=43 (full 0):
 garbage-first heap   total 260096K, used 200704K [0x0000000080000000, 0x0000000100000000)
  region size 1024K, 65 young (66560K), 3 survivors (3072K)
 Metaspace       used 105555K, committed 106560K, reserved 557056K
  class space    used 14663K, committed 15104K, reserved 425984K
}
Event: 43.764 GC heap after
{Heap after GC invocations=44 (full 0):
 garbage-first heap   total 260096K, used 143360K [0x0000000080000000, 0x0000000100000000)
  region size 1024K, 9 young (9216K), 9 survivors (9216K)
 Metaspace       used 105555K, committed 106560K, reserved 557056K
  class space    used 14663K, committed 15104K, reserved 425984K
}
Event: 43.849 GC heap before
{Heap before GC invocations=44 (full 0):
 garbage-first heap   total 260096K, used 146432K [0x0000000080000000, 0x0000000100000000)
  region size 1024K, 12 young (12288K), 9 survivors (9216K)
 Metaspace       used 105788K, committed 106752K, reserved 557056K
  class space    used 14697K, committed 15104K, reserved 425984K
}
Event: 43.861 GC heap after
{Heap after GC invocations=45 (full 0):
 garbage-first heap   total 260096K, used 143761K [0x0000000080000000, 0x0000000100000000)
  region size 1024K, 1 young (1024K), 1 survivors (1024K)
 Metaspace       used 105788K, committed 106752K, reserved 557056K
  class space    used 14697K, committed 15104K, reserved 425984K
}
Event: 45.587 GC heap before
{Heap before GC invocations=45 (full 0):
 garbage-first heap   total 260096K, used 203153K [0x0000000080000000, 0x0000000100000000)
  region size 1024K, 59 young (60416K), 1 survivors (1024K)
 Metaspace       used 109665K, committed 110720K, reserved 557056K
  class space    used 15172K, committed 15616K, reserved 425984K
}
Event: 45.598 GC heap after
{Heap after GC invocations=46 (full 0):
 garbage-first heap   total 260096K, used 146919K [0x0000000080000000, 0x0000000100000000)
  region size 1024K, 5 young (5120K), 5 survivors (5120K)
 Metaspace       used 109665K, committed 110720K, reserved 557056K
  class space    used 15172K, committed 15616K, reserved 425984K
}
Event: 47.156 GC heap before
{Heap before GC invocations=47 (full 0):
 garbage-first heap   total 263168K, used 206311K [0x0000000080000000, 0x0000000100000000)
  region size 1024K, 63 young (64512K), 5 survivors (5120K)
 Metaspace       used 110878K, committed 111872K, reserved 557056K
  class space    used 15300K, committed 15744K, reserved 425984K
}
Event: 47.177 GC heap after
{Heap after GC invocations=48 (full 0):
 garbage-first heap   total 263168K, used 152415K [0x0000000080000000, 0x0000000100000000)
  region size 1024K, 8 young (8192K), 8 survivors (8192K)
 Metaspace       used 110878K, committed 111872K, reserved 557056K
  class space    used 15300K, committed 15744K, reserved 425984K
}
Event: 47.255 GC heap before
{Heap before GC invocations=48 (full 0):
 garbage-first heap   total 263168K, used 156511K [0x0000000080000000, 0x0000000100000000)
  region size 1024K, 12 young (12288K), 8 survivors (8192K)
 Metaspace       used 110996K, committed 112000K, reserved 557056K
  class space    used 15315K, committed 15744K, reserved 425984K
}
Event: 47.269 GC heap after
{Heap after GC invocations=49 (full 0):
 garbage-first heap   total 263168K, used 152918K [0x0000000080000000, 0x0000000100000000)
  region size 1024K, 2 young (2048K), 2 survivors (2048K)
 Metaspace       used 110996K, committed 112000K, reserved 557056K
  class space    used 15315K, committed 15744K, reserved 425984K
}
Event: 48.462 GC heap before
{Heap before GC invocations=49 (full 0):
 garbage-first heap   total 263168K, used 211286K [0x0000000080000000, 0x0000000100000000)
  region size 1024K, 60 young (61440K), 2 survivors (2048K)
 Metaspace       used 112040K, committed 113088K, reserved 557056K
  class space    used 15441K, committed 15936K, reserved 425984K
}
Event: 48.472 GC heap after
{Heap after GC invocations=50 (full 0):
 garbage-first heap   total 263168K, used 156417K [0x0000000080000000, 0x0000000100000000)
  region size 1024K, 5 young (5120K), 5 survivors (5120K)
 Metaspace       used 112040K, committed 113088K, reserved 557056K
  class space    used 15441K, committed 15936K, reserved 425984K
}
Event: 49.766 GC heap before
{Heap before GC invocations=50 (full 0):
 garbage-first heap   total 263168K, used 214785K [0x0000000080000000, 0x0000000100000000)
  region size 1024K, 63 young (64512K), 5 survivors (5120K)
 Metaspace       used 112342K, committed 113408K, reserved 557056K
  class space    used 15486K, committed 15936K, reserved 425984K
}
Event: 49.778 GC heap after
{Heap after GC invocations=51 (full 0):
 garbage-first heap   total 263168K, used 161091K [0x0000000080000000, 0x0000000100000000)
  region size 1024K, 8 young (8192K), 8 survivors (8192K)
 Metaspace       used 112342K, committed 113408K, reserved 557056K
  class space    used 15486K, committed 15936K, reserved 425984K
}

Dll operation events (14 events):
Event: 0.011 Loaded shared library C:\Program Files\Microsoft\jdk-17.0.8.7-hotspot\bin\java.dll
Event: 0.034 Loaded shared library C:\Program Files\Microsoft\jdk-17.0.8.7-hotspot\bin\jsvml.dll
Event: 0.110 Loaded shared library C:\Program Files\Microsoft\jdk-17.0.8.7-hotspot\bin\zip.dll
Event: 0.114 Loaded shared library C:\Program Files\Microsoft\jdk-17.0.8.7-hotspot\bin\instrument.dll
Event: 0.119 Loaded shared library C:\Program Files\Microsoft\jdk-17.0.8.7-hotspot\bin\net.dll
Event: 0.121 Loaded shared library C:\Program Files\Microsoft\jdk-17.0.8.7-hotspot\bin\nio.dll
Event: 0.127 Loaded shared library C:\Program Files\Microsoft\jdk-17.0.8.7-hotspot\bin\zip.dll
Event: 0.453 Loaded shared library C:\Program Files\Microsoft\jdk-17.0.8.7-hotspot\bin\jimage.dll
Event: 0.557 Loaded shared library C:\Program Files\Microsoft\jdk-17.0.8.7-hotspot\bin\verify.dll
Event: 0.801 Loaded shared library C:\Users\User\.gradle\native\68d5fa5c4cc2d200863cafc0d521ce42e7d3e7ee720ec0a83991735586a16f82\windows-amd64\native-platform.dll
Event: 0.818 Loaded shared library C:\Users\User\.gradle\native\e376f236ea51e6404a007f0833ffe2c6e607c4080706a723a18a27aeea778392\windows-amd64\native-platform-file-events.dll
Event: 2.270 Loaded shared library C:\Program Files\Microsoft\jdk-17.0.8.7-hotspot\bin\management.dll
Event: 2.273 Loaded shared library C:\Program Files\Microsoft\jdk-17.0.8.7-hotspot\bin\management_ext.dll
Event: 2.910 Loaded shared library C:\Program Files\Microsoft\jdk-17.0.8.7-hotspot\bin\sunmscapi.dll

Deoptimization events (20 events):
Event: 48.834 Thread 0x000001a9889ce9c0 Uncommon trap: trap_request=0xffffffc6 fr.pc=0x000001a9d594bec8 relative=0x00000000000000a8
Event: 48.834 Thread 0x000001a9889ce9c0 Uncommon trap: reason=bimorphic_or_optimized_type_check action=maybe_recompile pc=0x000001a9d594bec8 method=org.gradle.execution.plan.ActionNode.hasPendingPreExecutionNodes()Z @ 11 c2
Event: 48.834 Thread 0x000001a9889ce9c0 DEOPT PACKING pc=0x000001a9d594bec8 sp=0x000000462d4fe8e0
Event: 48.834 Thread 0x000001a9889ce9c0 DEOPT UNPACKING pc=0x000001a9d4ee69a3 sp=0x000000462d4fe868 mode 2
Event: 49.380 Thread 0x000001a9e3d15960 Uncommon trap: trap_request=0xffffffbe fr.pc=0x000001a9d5778c50 relative=0x0000000000001610
Event: 49.380 Thread 0x000001a9e3d15960 Uncommon trap: reason=profile_predicate action=maybe_recompile pc=0x000001a9d5778c50 method=org.gradle.internal.file.FileHierarchySet$Node.contains(Ljava/lang/String;I)Z @ 69 c2
Event: 49.380 Thread 0x000001a9e3d15960 DEOPT PACKING pc=0x000001a9d5778c50 sp=0x000000462c7fb790
Event: 49.380 Thread 0x000001a9e3d15960 DEOPT UNPACKING pc=0x000001a9d4ee69a3 sp=0x000000462c7fb760 mode 2
Event: 49.380 Thread 0x000001a9e3d15960 Uncommon trap: trap_request=0xffffffbe fr.pc=0x000001a9d5778c50 relative=0x0000000000001610
Event: 49.380 Thread 0x000001a9e3d15960 Uncommon trap: reason=profile_predicate action=maybe_recompile pc=0x000001a9d5778c50 method=org.gradle.internal.file.FileHierarchySet$Node.contains(Ljava/lang/String;I)Z @ 69 c2
Event: 49.380 Thread 0x000001a9e3d15960 DEOPT PACKING pc=0x000001a9d5778c50 sp=0x000000462c7fb790
Event: 49.380 Thread 0x000001a9e3d15960 DEOPT UNPACKING pc=0x000001a9d4ee69a3 sp=0x000000462c7fb760 mode 2
Event: 49.381 Thread 0x000001a9e3d15960 Uncommon trap: trap_request=0xffffffbe fr.pc=0x000001a9d5778c50 relative=0x0000000000001610
Event: 49.381 Thread 0x000001a9e3d15960 Uncommon trap: reason=profile_predicate action=maybe_recompile pc=0x000001a9d5778c50 method=org.gradle.internal.file.FileHierarchySet$Node.contains(Ljava/lang/String;I)Z @ 69 c2
Event: 49.381 Thread 0x000001a9e3d15960 DEOPT PACKING pc=0x000001a9d5778c50 sp=0x000000462c7fb790
Event: 49.381 Thread 0x000001a9e3d15960 DEOPT UNPACKING pc=0x000001a9d4ee69a3 sp=0x000000462c7fb760 mode 2
Event: 49.381 Thread 0x000001a9e3d15960 Uncommon trap: trap_request=0xffffffbe fr.pc=0x000001a9d5778c50 relative=0x0000000000001610
Event: 49.381 Thread 0x000001a9e3d15960 Uncommon trap: reason=profile_predicate action=maybe_recompile pc=0x000001a9d5778c50 method=org.gradle.internal.file.FileHierarchySet$Node.contains(Ljava/lang/String;I)Z @ 69 c2
Event: 49.381 Thread 0x000001a9e3d15960 DEOPT PACKING pc=0x000001a9d5778c50 sp=0x000000462c7fb790
Event: 49.381 Thread 0x000001a9e3d15960 DEOPT UNPACKING pc=0x000001a9d4ee69a3 sp=0x000000462c7fb760 mode 2

Classes unloaded (0 events):
No events

Classes redefined (0 events):
No events

Internal exceptions (20 events):
Event: 46.492 Thread 0x000001a9844e9e80 Exception <a 'sun/nio/fs/WindowsException'{0x000000008e066bf8}> (0x000000008e066bf8) 
thrown [s\src\hotspot\share\prims\jni.cpp, line 516]
Event: 46.493 Thread 0x000001a9844e9e80 Exception <a 'sun/nio/fs/WindowsException'{0x000000008e068238}> (0x000000008e068238) 
thrown [s\src\hotspot\share\prims\jni.cpp, line 516]
Event: 46.493 Thread 0x000001a9844e9e80 Exception <a 'sun/nio/fs/WindowsException'{0x000000008e0698c8}> (0x000000008e0698c8) 
thrown [s\src\hotspot\share\prims\jni.cpp, line 516]
Event: 46.493 Thread 0x000001a9844e9e80 Exception <a 'sun/nio/fs/WindowsException'{0x000000008e06af58}> (0x000000008e06af58) 
thrown [s\src\hotspot\share\prims\jni.cpp, line 516]
Event: 46.495 Thread 0x000001a9844e9e80 Exception <a 'sun/nio/fs/WindowsException'{0x000000008e071868}> (0x000000008e071868) 
thrown [s\src\hotspot\share\prims\jni.cpp, line 516]
Event: 46.495 Thread 0x000001a9844e9e80 Exception <a 'sun/nio/fs/WindowsException'{0x000000008e072ea8}> (0x000000008e072ea8) 
thrown [s\src\hotspot\share\prims\jni.cpp, line 516]
Event: 46.496 Thread 0x000001a9844e9e80 Exception <a 'sun/nio/fs/WindowsException'{0x000000008e074538}> (0x000000008e074538) 
thrown [s\src\hotspot\share\prims\jni.cpp, line 516]
Event: 46.496 Thread 0x000001a9844e9e80 Exception <a 'sun/nio/fs/WindowsException'{0x000000008e075bc8}> (0x000000008e075bc8) 
thrown [s\src\hotspot\share\prims\jni.cpp, line 516]
Event: 47.601 Thread 0x000001a9889d1240 Exception <a 'java/lang/NoSuchMethodError'{0x000000008ea85230}: 'void java.lang.invoke.DirectMethodHandle$Holder.invokeStatic(java.lang.Object, java.lang.Object, java.lang.Object, java.lang.Object, int, java.lang.Object, java.lang.Object)'> (0x000000008ea85230) 
thrown [s\src\hotspot\share\interpreter\linkResolver.cpp, line 759]
Event: 47.645 Thread 0x000001a988c21c00 Exception <a 'java/lang/NoSuchMethodError'{0x000000008e9ab6a8}: 'java.lang.Object java.lang.invoke.DirectMethodHandle$Holder.invokeSpecialIFC(java.lang.Object, java.lang.Object, java.lang.Object)'> (0x000000008e9ab6a8) 
thrown [s\src\hotspot\share\interpreter\linkResolver.cpp, line 759]
Event: 47.645 Thread 0x000001a988c1c0e0 Exception <a 'java/lang/NoSuchMethodError'{0x000000008e86ce00}: 'java.lang.Object java.lang.invoke.DirectMethodHandle$Holder.invokeSpecialIFC(java.lang.Object, java.lang.Object, java.lang.Object)'> (0x000000008e86ce00) 
thrown [s\src\hotspot\share\interpreter\linkResolver.cpp, line 759]
Event: 47.645 Thread 0x000001a988c1f890 Exception <a 'java/lang/NoSuchMethodError'{0x000000008e813be8}: 'java.lang.Object java.lang.invoke.DirectMethodHandle$Holder.invokeSpecialIFC(java.lang.Object, java.lang.Object, java.lang.Object)'> (0x000000008e813be8) 
thrown [s\src\hotspot\share\interpreter\linkResolver.cpp, line 759]
Event: 47.645 Thread 0x000001a9889d1240 Exception <a 'java/lang/NoSuchMethodError'{0x000000008e83e8f8}: 'java.lang.Object java.lang.invoke.DirectMethodHandle$Holder.invokeSpecialIFC(java.lang.Object, java.lang.Object, java.lang.Object)'> (0x000000008e83e8f8) 
thrown [s\src\hotspot\share\interpreter\linkResolver.cpp, line 759]
Event: 48.696 Thread 0x000001a9889ce9c0 Exception <a 'java/lang/ClassNotFoundException'{0x000000008f503150}: groovy/util/FileTreeBuilderBeanInfo> (0x000000008f503150) 
thrown [s\src\hotspot\share\classfile\systemDictionary.cpp, line 256]
Event: 48.702 Thread 0x000001a9889ce9c0 Exception <a 'java/lang/ClassNotFoundException'{0x000000008f563ed0}: groovy/util/FileTreeBuilderCustomizer> (0x000000008f563ed0) 
thrown [s\src\hotspot\share\classfile\systemDictionary.cpp, line 256]
Event: 48.729 Thread 0x000001a9889ce9c0 Exception <a 'java/lang/ClassNotFoundException'{0x000000008f5a6818}: java/io/BufferedWriterBeanInfo> (0x000000008f5a6818) 
thrown [s\src\hotspot\share\classfile\systemDictionary.cpp, line 256]
Event: 48.729 Thread 0x000001a9889ce9c0 Exception <a 'java/lang/ClassNotFoundException'{0x000000008f5abc70}: java/io/WriterBeanInfo> (0x000000008f5abc70) 
thrown [s\src\hotspot\share\classfile\systemDictionary.cpp, line 256]
Event: 48.729 Thread 0x000001a9889ce9c0 Exception <a 'java/lang/ClassNotFoundException'{0x000000008f5b13d8}: java/io/WriterCustomizer> (0x000000008f5b13d8) 
thrown [s\src\hotspot\share\classfile\systemDictionary.cpp, line 256]
Event: 48.730 Thread 0x000001a9889ce9c0 Exception <a 'java/lang/ClassNotFoundException'{0x000000008f5bf768}: java/io/BufferedWriterCustomizer> (0x000000008f5bf768) 
thrown [s\src\hotspot\share\classfile\systemDictionary.cpp, line 256]
Event: 48.764 Thread 0x000001a9889ce9c0 Exception <a 'java/lang/NoSuchMethodError'{0x000000008f441d98}: static Lcom/android/build/api/variant/BuildConfigField;.<clinit>()V> (0x000000008f441d98) 
thrown [s\src\hotspot\share\prims\jni.cpp, line 1107]

VM Operations (20 events):
Event: 47.553 Executing VM operation: HandshakeAllThreads
Event: 47.553 Executing VM operation: HandshakeAllThreads done
Event: 47.610 Executing VM operation: HandshakeAllThreads
Event: 47.610 Executing VM operation: HandshakeAllThreads done
Event: 47.660 Executing VM operation: HandshakeAllThreads
Event: 47.660 Executing VM operation: HandshakeAllThreads done
Event: 47.663 Executing VM operation: HandshakeAllThreads
Event: 47.663 Executing VM operation: HandshakeAllThreads done
Event: 48.076 Executing VM operation: ICBufferFull
Event: 48.091 Executing VM operation: ICBufferFull done
Event: 48.445 Executing VM operation: G1CollectForAllocation
Event: 48.473 Executing VM operation: G1CollectForAllocation done
Event: 48.711 Executing VM operation: HandshakeAllThreads
Event: 48.711 Executing VM operation: HandshakeAllThreads done
Event: 48.719 Executing VM operation: HandshakeAllThreads
Event: 48.720 Executing VM operation: HandshakeAllThreads done
Event: 49.239 Executing VM operation: ICBufferFull
Event: 49.239 Executing VM operation: ICBufferFull done
Event: 49.766 Executing VM operation: G1CollectForAllocation
Event: 49.778 Executing VM operation: G1CollectForAllocation done

Events (20 events):
Event: 48.408 Thread 0x000001a98f647a20 Thread added: 0x000001a98f647a20
Event: 48.442 Thread 0x000001a98f647510 Thread added: 0x000001a98f647510
Event: 48.442 Thread 0x000001a98f648e60 Thread added: 0x000001a98f648e60
Event: 48.637 Thread 0x000001a98f649880 Thread added: 0x000001a98f649880
Event: 48.728 loading class java/io/BufferedWriterBeanInfo
Event: 48.728 loading class java/io/BufferedWriterBeanInfo done
Event: 48.729 loading class java/io/BufferedWriterBeanInfo
Event: 48.729 loading class java/io/BufferedWriterBeanInfo done
Event: 48.729 loading class java/io/WriterBeanInfo
Event: 48.729 loading class java/io/WriterBeanInfo done
Event: 48.729 loading class java/io/WriterBeanInfo
Event: 48.729 loading class java/io/WriterBeanInfo done
Event: 48.729 loading class java/io/WriterCustomizer
Event: 48.729 loading class java/io/WriterCustomizer done
Event: 48.729 loading class java/io/WriterCustomizer
Event: 48.729 loading class java/io/WriterCustomizer done
Event: 48.729 loading class java/io/BufferedWriterCustomizer
Event: 48.729 loading class java/io/BufferedWriterCustomizer done
Event: 48.730 loading class java/io/BufferedWriterCustomizer
Event: 48.730 loading class java/io/BufferedWriterCustomizer done


Dynamic libraries:
0x00007ff663260000 - 0x00007ff66326e000 	C:\Program Files\Microsoft\jdk-17.0.8.7-hotspot\bin\java.exe
0x00007ffbcc830000 - 0x00007ffbcca47000 	C:\Windows\SYSTEM32\ntdll.dll
0x00007ffbcbf60000 - 0x00007ffbcc024000 	C:\Windows\System32\KERNEL32.DLL
0x00007ffbca1d0000 - 0x00007ffbca576000 	C:\Windows\System32\KERNELBASE.dll
0x00007ffbc9f60000 - 0x00007ffbca071000 	C:\Windows\System32\ucrtbase.dll
0x00007ffbb49d0000 - 0x00007ffbb49eb000 	C:\Program Files\Microsoft\jdk-17.0.8.7-hotspot\bin\VCRUNTIME140.dll
0x00007ffba5f60000 - 0x00007ffba5f77000 	C:\Program Files\Microsoft\jdk-17.0.8.7-hotspot\bin\jli.dll
0x00007ffbcbb80000 - 0x00007ffbcbd2e000 	C:\Windows\System32\USER32.dll
0x00007ffbca080000 - 0x00007ffbca0a6000 	C:\Windows\System32\win32u.dll
0x00007ffbcc1d0000 - 0x00007ffbcc1f9000 	C:\Windows\System32\GDI32.dll
0x00007ffbc9b70000 - 0x00007ffbc9c88000 	C:\Windows\System32\gdi32full.dll
0x00007ffbb94c0000 - 0x00007ffbb9753000 	C:\Windows\WinSxS\amd64_microsoft.windows.common-controls_6595b64144ccf1df_6.0.22621.2506_none_270c5ae97388e100\COMCTL32.dll
0x00007ffbca130000 - 0x00007ffbca1ca000 	C:\Windows\System32\msvcp_win.dll
0x00007ffbcb7e0000 - 0x00007ffbcb887000 	C:\Windows\System32\msvcrt.dll
0x00007ffbca7f0000 - 0x00007ffbca821000 	C:\Windows\System32\IMM32.DLL
0x00007ffbb3660000 - 0x00007ffbb366c000 	C:\Program Files\Microsoft\jdk-17.0.8.7-hotspot\bin\vcruntime140_1.dll
0x00007ffba31f0000 - 0x00007ffba327d000 	C:\Program Files\Microsoft\jdk-17.0.8.7-hotspot\bin\msvcp140.dll
0x00007ffb5d8a0000 - 0x00007ffb5e505000 	C:\Program Files\Microsoft\jdk-17.0.8.7-hotspot\bin\server\jvm.dll
0x00007ffbcc110000 - 0x00007ffbcc1c3000 	C:\Windows\System32\ADVAPI32.dll
0x00007ffbcc200000 - 0x00007ffbcc2a8000 	C:\Windows\System32\sechost.dll
0x00007ffbc9e00000 - 0x00007ffbc9e28000 	C:\Windows\System32\bcrypt.dll
0x00007ffbcba50000 - 0x00007ffbcbb67000 	C:\Windows\System32\RPCRT4.dll
0x00007ffbb3440000 - 0x00007ffbb3449000 	C:\Windows\SYSTEM32\WSOCK32.dll
0x00007ffbca840000 - 0x00007ffbca8b1000 	C:\Windows\System32\WS2_32.dll
0x00007ffbc0460000 - 0x00007ffbc0494000 	C:\Windows\SYSTEM32\WINMM.dll
0x00007ffbbc0a0000 - 0x00007ffbbc0aa000 	C:\Windows\SYSTEM32\VERSION.dll
0x00007ffbc9890000 - 0x00007ffbc98dd000 	C:\Windows\SYSTEM32\POWRPROF.dll
0x00007ffbc9870000 - 0x00007ffbc9883000 	C:\Windows\SYSTEM32\UMPDC.dll
0x00007ffbc8ba0000 - 0x00007ffbc8bb8000 	C:\Windows\SYSTEM32\kernel.appcore.dll
0x00007ffbb2550000 - 0x00007ffbb255a000 	C:\Program Files\Microsoft\jdk-17.0.8.7-hotspot\bin\jimage.dll
0x00007ffbc3b70000 - 0x00007ffbc3da3000 	C:\Windows\SYSTEM32\DBGHELP.DLL
0x00007ffbcc460000 - 0x00007ffbcc7e9000 	C:\Windows\System32\combase.dll
0x00007ffbcc030000 - 0x00007ffbcc107000 	C:\Windows\System32\OLEAUT32.dll
0x00007ffba6080000 - 0x00007ffba60b2000 	C:\Windows\SYSTEM32\dbgcore.DLL
0x00007ffbca0b0000 - 0x00007ffbca12a000 	C:\Windows\System32\bcryptPrimitives.dll
0x00007ffbb1a40000 - 0x00007ffbb1a4e000 	C:\Program Files\Microsoft\jdk-17.0.8.7-hotspot\bin\instrument.dll
0x00007ffba4370000 - 0x00007ffba4395000 	C:\Program Files\Microsoft\jdk-17.0.8.7-hotspot\bin\java.dll
0x00007ffba3110000 - 0x00007ffba31e7000 	C:\Program Files\Microsoft\jdk-17.0.8.7-hotspot\bin\jsvml.dll
0x00007ffbcaae0000 - 0x00007ffbcb33a000 	C:\Windows\System32\SHELL32.dll
0x00007ffbc7ac0000 - 0x00007ffbc83b6000 	C:\Windows\SYSTEM32\windows.storage.dll
0x00007ffbc7980000 - 0x00007ffbc7abe000 	C:\Windows\SYSTEM32\wintypes.dll
0x00007ffbcbe60000 - 0x00007ffbcbf53000 	C:\Windows\System32\SHCORE.dll
0x00007ffbcb990000 - 0x00007ffbcb9ee000 	C:\Windows\System32\shlwapi.dll
0x00007ffbc9aa0000 - 0x00007ffbc9ac6000 	C:\Windows\SYSTEM32\profapi.dll
0x00007ffba4330000 - 0x00007ffba4348000 	C:\Program Files\Microsoft\jdk-17.0.8.7-hotspot\bin\zip.dll
0x00007ffba5f40000 - 0x00007ffba5f59000 	C:\Program Files\Microsoft\jdk-17.0.8.7-hotspot\bin\net.dll
0x00007ffbc1560000 - 0x00007ffbc1697000 	C:\Windows\SYSTEM32\WINHTTP.dll
0x00007ffbc9020000 - 0x00007ffbc9089000 	C:\Windows\system32\mswsock.dll
0x00007ffba4350000 - 0x00007ffba4366000 	C:\Program Files\Microsoft\jdk-17.0.8.7-hotspot\bin\nio.dll
0x00007ffbb1dd0000 - 0x00007ffbb1de0000 	C:\Program Files\Microsoft\jdk-17.0.8.7-hotspot\bin\verify.dll
0x00007ffb9b330000 - 0x00007ffb9b357000 	C:\Users\User\.gradle\native\68d5fa5c4cc2d200863cafc0d521ce42e7d3e7ee720ec0a83991735586a16f82\windows-amd64\native-platform.dll
0x00007ffb9a280000 - 0x00007ffb9a3c4000 	C:\Users\User\.gradle\native\e376f236ea51e6404a007f0833ffe2c6e607c4080706a723a18a27aeea778392\windows-amd64\native-platform-file-events.dll
0x00007ffbb1bf0000 - 0x00007ffbb1bf9000 	C:\Program Files\Microsoft\jdk-17.0.8.7-hotspot\bin\management.dll
0x00007ffbb1a60000 - 0x00007ffbb1a6b000 	C:\Program Files\Microsoft\jdk-17.0.8.7-hotspot\bin\management_ext.dll
0x00007ffbca830000 - 0x00007ffbca838000 	C:\Windows\System32\PSAPI.DLL
0x00007ffbc9270000 - 0x00007ffbc928b000 	C:\Windows\SYSTEM32\CRYPTSP.dll
0x00007ffbc8b00000 - 0x00007ffbc8b35000 	C:\Windows\system32\rsaenh.dll
0x00007ffbc9110000 - 0x00007ffbc913c000 	C:\Windows\SYSTEM32\USERENV.dll
0x00007ffbc9840000 - 0x00007ffbc984c000 	C:\Windows\SYSTEM32\CRYPTBASE.dll
0x00007ffbc8660000 - 0x00007ffbc868d000 	C:\Windows\SYSTEM32\IPHLPAPI.DLL
0x00007ffbcbda0000 - 0x00007ffbcbda9000 	C:\Windows\System32\NSI.dll
0x00007ffbc1540000 - 0x00007ffbc1559000 	C:\Windows\SYSTEM32\dhcpcsvc6.DLL
0x00007ffbc1520000 - 0x00007ffbc153f000 	C:\Windows\SYSTEM32\dhcpcsvc.DLL
0x00007ffbc8690000 - 0x00007ffbc8789000 	C:\Windows\SYSTEM32\DNSAPI.dll
0x00007ffbb1840000 - 0x00007ffbb184e000 	C:\Program Files\Microsoft\jdk-17.0.8.7-hotspot\bin\sunmscapi.dll
0x00007ffbc9c90000 - 0x00007ffbc9df6000 	C:\Windows\System32\CRYPT32.dll
0x00007ffbc9490000 - 0x00007ffbc94be000 	C:\Windows\SYSTEM32\ncrypt.dll
0x00007ffbc9450000 - 0x00007ffbc9487000 	C:\Windows\SYSTEM32\NTASN1.dll
0x00007ffbb0730000 - 0x00007ffbb0738000 	C:\Windows\system32\wshunix.dll
0x00007ffbbc380000 - 0x00007ffbbc38a000 	C:\Windows\System32\rasadhlp.dll
0x00007ffbbc8e0000 - 0x00007ffbbc963000 	C:\Windows\System32\fwpuclnt.dll
0x00007ffbb44c0000 - 0x00007ffbb44d7000 	C:\Windows\system32\napinsp.dll
0x00007ffbb44a0000 - 0x00007ffbb44bb000 	C:\Windows\system32\pnrpnsp.dll
0x00007ffbb2560000 - 0x00007ffbb2571000 	C:\Windows\System32\winrnr.dll
0x00007ffbbecd0000 - 0x00007ffbbece5000 	C:\Windows\system32\wshbth.dll
0x00007ffba2110000 - 0x00007ffba2131000 	C:\Windows\system32\nlansp_c.dll

dbghelp: loaded successfully - version: 4.0.5 - missing functions: none
symbol engine: initialized successfully - sym options: 0x614 - pdb path: .;C:\Program Files\Microsoft\jdk-17.0.8.7-hotspot\bin;C:\Windows\SYSTEM32;C:\Windows\WinSxS\amd64_microsoft.windows.common-controls_6595b64144ccf1df_6.0.22621.2506_none_270c5ae97388e100;C:\Program Files\Microsoft\jdk-17.0.8.7-hotspot\bin\server;C:\Users\User\.gradle\native\68d5fa5c4cc2d200863cafc0d521ce42e7d3e7ee720ec0a83991735586a16f82\windows-amd64;C:\Users\User\.gradle\native\e376f236ea51e6404a007f0833ffe2c6e607c4080706a723a18a27aeea778392\windows-amd64

VM Arguments:
jvm_args: -XX:MaxMetaspaceSize=512m --add-opens=java.base/java.util=ALL-UNNAMED --add-opens=java.base/java.lang=ALL-UNNAMED --add-opens=java.base/java.lang.invoke=ALL-UNNAMED --add-opens=java.prefs/java.util.prefs=ALL-UNNAMED --add-opens=java.base/java.nio.charset=ALL-UNNAMED --add-opens=java.base/java.net=ALL-UNNAMED --add-opens=java.base/java.util.concurrent.atomic=ALL-UNNAMED -Xmx2048m -Dfile.encoding=windows-1252 -Duser.country=IN -Duser.language=en -Duser.variant -javaagent:C:\Users\User\.gradle\wrapper\dists\gradle-8.3-all\6en3ugtfdg5xnpx44z4qbwgas\gradle-8.3\lib\agents\gradle-instrumentation-agent-8.3.jar 
java_command: org.gradle.launcher.daemon.bootstrap.GradleDaemon 8.3
java_class_path (initial): C:\Users\User\.gradle\wrapper\dists\gradle-8.3-all\6en3ugtfdg5xnpx44z4qbwgas\gradle-8.3\lib\gradle-launcher-8.3.jar
Launcher Type: SUN_STANDARD

[Global flags]
     intx CICompilerCount                          = 3                                         {product} {ergonomic}
   size_t CompressedClassSpaceSize                 = 436207616                                 {product} {ergonomic}
     uint ConcGCThreads                            = 1                                         {product} {ergonomic}
     uint G1ConcRefinementThreads                  = 4                                         {product} {ergonomic}
   size_t G1HeapRegionSize                         = 1048576                                   {product} {ergonomic}
    uintx GCDrainStackTargetSize                   = 64                                        {product} {ergonomic}
   size_t InitialHeapSize                          = 134217728                                 {product} {ergonomic}
   size_t MarkStackSize                            = 4194304                                   {product} {ergonomic}
   size_t MaxHeapSize                              = 2147483648                                {product} {command line}
   size_t MaxMetaspaceSize                         = 536870912                                 {product} {command line}
   size_t MaxNewSize                               = 1287651328                                {product} {ergonomic}
   size_t MinHeapDeltaBytes                        = 1048576                                   {product} {ergonomic}
   size_t MinHeapSize                              = 8388608                                   {product} {ergonomic}
    uintx NonNMethodCodeHeapSize                   = 5832780                                {pd product} {ergonomic}
    uintx NonProfiledCodeHeapSize                  = 122912730                              {pd product} {ergonomic}
    uintx ProfiledCodeHeapSize                     = 122912730                              {pd product} {ergonomic}
    uintx ReservedCodeCacheSize                    = 251658240                              {pd product} {ergonomic}
     bool SegmentedCodeCache                       = true                                      {product} {ergonomic}
   size_t SoftMaxHeapSize                          = 2147483648                             {manageable} {ergonomic}
     bool UseCompressedClassPointers               = true                           {product lp64_product} {ergonomic}
     bool UseCompressedOops                        = true                           {product lp64_product} {ergonomic}
     bool UseG1GC                                  = true                                      {product} {ergonomic}
     bool UseLargePagesIndividualAllocation        = false                                  {pd product} {ergonomic}

Logging:
Log output configuration:
 #0: stdout all=warning uptime,level,tags
 #1: stderr all=off uptime,level,tags

Environment Variables:
JAVA_HOME=C:\Program Files\Microsoft\jdk-17.0.8.7-hotspot\
CLASSPATH=C:\Users\User\Desktop\juvaraya technologies\fanfun\android\\gradle\wrapper\gradle-wrapper.jar
PATH=C:\Users\User\Desktop\juvaraya technologies\fanfun\node_modules\.bin;C:\Users\User\Desktop\juvaraya technologies\fanfun\node_modules\.bin;C:\Users\User\Desktop\juvaraya technologies\node_modules\.bin;C:\Users\User\Desktop\node_modules\.bin;C:\Users\User\node_modules\.bin;C:\Users\node_modules\.bin;C:\node_modules\.bin;C:\Users\User\AppData\Roaming\npm\node_modules\npm\node_modules\@npmcli\run-script\lib\node-gyp-bin;C:\Users\User\Desktop\juvaraya technologies\fanfun\node_modules\.bin;C:\Users\User\Desktop\juvaraya technologies\node_modules\.bin;C:\Users\User\Desktop\node_modules\.bin;C:\Users\User\node_modules\.bin;C:\Users\node_modules\.bin;C:\node_modules\.bin;C:\Users\User\AppData\Roaming\npm\node_modules\npm\node_modules\@npmcli\run-script\lib\node-gyp-bin;C:\Program Files\Microsoft\jdk-17.0.8.7-hotspot\bin;C:\Program Files\Common Files\Oracle\Java\javapath;C:\Program Files (x86)\Common Files\Oracle\Java\javapath;C:\Windows\system32;C:\Windows;C:\Windows\System32\Wbem;C:\Windows\System32\WindowsPowerShell\v1.0\;C:\Windows\System32\OpenSSH\;C:\Program Files\nodejs\;C:\Program Files\Git\cmd;C:\Users\User\AppData\Local\Android\Sdk\platform-tools;C:\ProgramData\chocolatey\bin;C:\Users\User\AppData\Local\Programs\Python\Python312\Scripts\;C:\Users\User\AppData\Local\Programs\Python\Python312\;C:\Users\User\AppData\Local\Microsoft\WindowsApps;C:\Users\User\AppData\Roaming\npm;C:\Users\User\AppData\Local\Programs\Microsoft VS Code\bin;C:\Users\User\AppData\Local\Android\Sdk\platform-tools;
USERNAME=User
LANG=en_US.UTF-8
OS=Windows_NT
PROCESSOR_IDENTIFIER=Intel64 Family 6 Model 78 Stepping 3, GenuineIntel
TMP=C:\Users\User\AppData\Local\Temp
TEMP=C:\Users\User\AppData\Local\Temp



---------------  S Y S T E M  ---------------

OS:
 Windows 11 , 64 bit Build 22621 (10.0.22621.2506)
OS uptime: 0 days 2:43 hours

CPU: total 4 (initial active 4) (2 cores per cpu, 2 threads per core) family 6 model 78 stepping 3 microcode 0xea, cx8, cmov, fxsr, ht, mmx, 3dnowpref, sse, sse2, sse3, ssse3, sse4.1, sse4.2, popcnt, lzcnt, tsc, tscinvbit, avx, avx2, aes, erms, clmul, bmi1, bmi2, rtm, adx, fma, vzeroupper, clflush, clflushopt
Processor Information for all 4 processors :
  Max Mhz: 2808, Current Mhz: 2607, Mhz Limit: 2583

Memory: 4k page, system-wide physical 8109M (826M free)
TotalPageFile size 17837M (AvailPageFile size 9281M)
current process WorkingSet (physical memory assigned to process): 589M, peak: 597M
current process commit charge ("private bytes"): 619M, peak: 628M

vm_info: OpenJDK 64-Bit Server VM (17.0.8+7-LTS) for windows-amd64 JRE (17.0.8+7-LTS), built on Jul  7 2023 17:21:55 by "MicrosoftCorporation" with MS VC++ 16.10 / 16.11 (VS2019)

END.
